<?xml version="1.0" encoding="UTF-8"?>
<testsuite name="Validar endpoint de albumes comprados" tests="6" skipped="0" failures="0" errors="0" timestamp="2021-04-04T15:16:40" hostname="DESKTOP-I0C78UK" time="12.156">
  <properties/>
  <testcase name="consultar albumes comprados correctmante" classname="Validar endpoint de albumes comprados" time="4.911"/>
  <testcase name="consultar albumes comprados correctmante" classname="Validar endpoint de albumes comprados" time="1.226"/>
  <testcase name="validar el esquema con usuario administrador" classname="Validar endpoint de albumes comprados" time="1.872"/>
  <testcase name="validar el esquema con usuario regular" classname="Validar endpoint de albumes comprados" time="1.267"/>
  <testcase name="validar response" classname="Validar endpoint de albumes comprados" time="1.66"/>
  <testcase name="validar response" classname="Validar endpoint de albumes comprados" time="1.22"/>
  <system-out><![CDATA[Feature from file:///D:/wolox/src/test/resources/com/prueba/features/albumesComprados.feature
Step argument class io.cucumber.core.gherkin.vintage.GherkinVintageDataTableArgument
Feature from file:///D:/wolox/src/test/resources/com/prueba/features/albumesComprados.feature
Step argument class io.cucumber.core.gherkin.vintage.GherkinVintageDataTableArgument
Feature from file:///D:/wolox/src/test/resources/com/prueba/features/albumesComprados.feature
Step argument class io.cucumber.core.gherkin.vintage.GherkinVintageDataTableArgument
Feature from file:///D:/wolox/src/test/resources/com/prueba/features/albumesComprados.feature
Step argument class io.cucumber.core.gherkin.vintage.GherkinVintageDataTableArgument
Feature from file:///D:/wolox/src/test/resources/com/prueba/features/albumesComprados.feature
Step argument class io.cucumber.core.gherkin.vintage.GherkinVintageDataTableArgument
Feature from file:///D:/wolox/src/test/resources/com/prueba/features/albumesComprados.feature
Step argument class io.cucumber.core.gherkin.vintage.GherkinVintageDataTableArgument
]]></system-out>
  <system-err><![CDATA[[Test worker] INFO  - 
 _____ _____ ____ _____   ____ _____  _    ____ _____ _____ ____  
|_   _| ____/ ___|_   _| / ___|_   _|/ \  |  _ \_   _| ____|  _ \ 
  | | |  _| \___ \ | |   \___ \ | | / _ \ | |_) || | |  _| | | | |
  | | | |___ ___) || |    ___) || |/ ___ \|  _ < | | | |___| |_| |
  |_| |_____|____/ |_|   |____/ |_/_/   \_\_| \_\|_| |_____|____/ 

consultar albumes comprados correctmante(validar-endpoint-de-albumes-comprados;consultar-albumes-comprados-correctmante)
-------------------------------------------------------------------
[Test worker] INFO  - 
        __    _____ _____ ____ _____   ____   _    ____  ____  _____ ____  
  _     \ \  |_   _| ____/ ___|_   _| |  _ \ / \  / ___|/ ___|| ____|  _ \ 
 (_)_____| |   | | |  _| \___ \ | |   | |_) / _ \ \___ \\___ \|  _| | | | |
  _|_____| |   | | | |___ ___) || |   |  __/ ___ \ ___) |___) | |___| |_| |
 (_)     | |   |_| |_____|____/ |_|   |_| /_/   \_\____/|____/|_____|____/ 
        /_/                                                                

consultar albumes comprados correctmante
----------------------------------------------------------------------------
[Test worker] INFO  - 
        __    _____ _____ ____ _____   ____   _    ____  ____  _____ ____  
  _     \ \  |_   _| ____/ ___|_   _| |  _ \ / \  / ___|/ ___|| ____|  _ \ 
 (_)_____| |   | | |  _| \___ \ | |   | |_) / _ \ \___ \\___ \|  _| | | | |
  _|_____| |   | | | |___ ___) || |   |  __/ ___ \ ___) |___) | |___| |_| |
 (_)     | |   |_| |_____|____/ |_|   |_| /_/   \_\____/|____/|_____|____/ 
        /_/                                                                

consultar albumes comprados correctmante
----------------------------------------------------------------------------
[Test worker] INFO  - 
 _____ _____ ____ _____   ____ _____  _    ____ _____ _____ ____  
|_   _| ____/ ___|_   _| / ___|_   _|/ \  |  _ \_   _| ____|  _ \ 
  | | |  _| \___ \ | |   \___ \ | | / _ \ | |_) || | |  _| | | | |
  | | | |___ ___) || |    ___) || |/ ___ \|  _ < | | | |___| |_| |
  |_| |_____|____/ |_|   |____/ |_/_/   \_\_| \_\|_| |_____|____/ 

validar el esquema con <nombreEscenario>(validar-endpoint-de-albumes-comprados;validar-el-esquema-con-<nombreescenario>)
-------------------------------------------------------------------
[Test worker] INFO  - 
        __    _____ _____ ____ _____   ____   _    ____  ____  _____ ____  
  _     \ \  |_   _| ____/ ___|_   _| |  _ \ / \  / ___|/ ___|| ____|  _ \ 
 (_)_____| |   | | |  _| \___ \ | |   | |_) / _ \ \___ \\___ \|  _| | | | |
  _|_____| |   | | | |___ ___) || |   |  __/ ___ \ ___) |___) | |___| |_| |
 (_)     | |   |_| |_____|____/ |_|   |_| /_/   \_\____/|____/|_____|____/ 
        /_/                                                                

validar el esquema con <nombreEscenario>
----------------------------------------------------------------------------
[Test worker] INFO  - 
        __    _____ _____ ____ _____   ____   _    ____  ____  _____ ____  
  _     \ \  |_   _| ____/ ___|_   _| |  _ \ / \  / ___|/ ___|| ____|  _ \ 
 (_)_____| |   | | |  _| \___ \ | |   | |_) / _ \ \___ \\___ \|  _| | | | |
  _|_____| |   | | | |___ ___) || |   |  __/ ___ \ ___) |___) | |___| |_| |
 (_)     | |   |_| |_____|____/ |_|   |_| /_/   \_\____/|____/|_____|____/ 
        /_/                                                                

validar el esquema con <nombreEscenario>
----------------------------------------------------------------------------
[Test worker] INFO  - 
 _____ _____ ____ _____   ____ _____  _    ____ _____ _____ ____  
|_   _| ____/ ___|_   _| / ___|_   _|/ \  |  _ \_   _| ____|  _ \ 
  | | |  _| \___ \ | |   \___ \ | | / _ \ | |_) || | |  _| | | | |
  | | | |___ ___) || |    ___) || |/ ___ \|  _ < | | | |___| |_| |
  |_| |_____|____/ |_|   |____/ |_/_/   \_\_| \_\|_| |_____|____/ 

validar response(validar-endpoint-de-albumes-comprados;validar-response)
-------------------------------------------------------------------
[Test worker] INFO  - 
        __    _____ _____ ____ _____   ____   _    ____  ____  _____ ____  
  _     \ \  |_   _| ____/ ___|_   _| |  _ \ / \  / ___|/ ___|| ____|  _ \ 
 (_)_____| |   | | |  _| \___ \ | |   | |_) / _ \ \___ \\___ \|  _| | | | |
  _|_____| |   | | | |___ ___) || |   |  __/ ___ \ ___) |___) | |___| |_| |
 (_)     | |   |_| |_____|____/ |_|   |_| /_/   \_\____/|____/|_____|____/ 
        /_/                                                                

validar response
----------------------------------------------------------------------------
[Test worker] INFO  - 
        __    _____ _____ ____ _____   ____   _    ____  ____  _____ ____  
  _     \ \  |_   _| ____/ ___|_   _| |  _ \ / \  / ___|/ ___|| ____|  _ \ 
 (_)_____| |   | | |  _| \___ \ | |   | |_) / _ \ \___ \\___ \|  _| | | | |
  _|_____| |   | | | |___ ___) || |   |  __/ ___ \ ___) |___) | |___| |_| |
 (_)     | |   |_| |_____|____/ |_|   |_| /_/   \_\____/|____/|_____|____/ 
        /_/                                                                

validar response
----------------------------------------------------------------------------
]]></system-err>
</testsuite>
