<?xml version="1.0" encoding="UTF-8"?>
<testsuite name="com.prueba.runners.AlbumesCompradosRunner" tests="0" skipped="0" failures="0" errors="0" timestamp="1970-01-01T00:00:00" hostname="DESKTOP-I0C78UK" time="0.0">
  <properties/>
  <system-out><![CDATA[Feature from file:///D:/wolox/src/test/resources/com/prueba/features/albumesComprados.feature

?[31mFailed scenarios:?[0m
?[31mfile:///D:/wolox/src/test/resources/com/prueba/features/albumesComprados.feature:54?[0m# valdiar squema de error

8 Scenarios (?[31m1 failed?[0m, ?[32m7 passed?[0m)
32 Steps (?[31m1 failed?[0m, ?[32m31 passed?[0m)
0m11.701s


java.lang.AssertionError: 1 expectation failed.
Response body doesn't match expectation.
Expected: The content to match the given JSON schema.
warning: the following keywords are unknown and will be ignored: [$id, examples]
    level: "warning"
    schema: {"loadingURI":"file:/D:/wolox/build/resources/test/errorSchema.json#","pointer":""}
    domain: "syntax"
    ignored: ["$id","examples"]
warning: the following keywords are unknown and will be ignored: [$id, examples]
    level: "warning"
    schema: {"loadingURI":"file:/D:/wolox/build/resources/test/errorSchema.json#","pointer":"/properties/errors"}
    domain: "syntax"
    ignored: ["$id","examples"]
warning: the following keywords are unknown and will be ignored: [$id]
    level: "warning"
    schema: {"loadingURI":"file:/D:/wolox/build/resources/test/errorSchema.json#","pointer":"/properties/errors/items"}
    domain: "syntax"
    ignored: ["$id"]
warning: the following keywords are unknown and will be ignored: [$id, examples]
    level: "warning"
    schema: {"loadingURI":"file:/D:/wolox/build/resources/test/errorSchema.json#","pointer":"/properties/errors/items/anyOf/0"}
    domain: "syntax"
    ignored: ["$id","examples"]
warning: the following keywords are unknown and will be ignored: [$id, examples]
    level: "warning"
    schema: {"loadingURI":"file:/D:/wolox/build/resources/test/errorSchema.json#","pointer":"/properties/errors/items/anyOf/0/properties/code"}
    domain: "syntax"
    ignored: ["$id","examples"]
warning: the following keywords are unknown and will be ignored: [$id, examples]
    level: "warning"
    schema: {"loadingURI":"file:/D:/wolox/build/resources/test/errorSchema.json#","pointer":"/properties/errors/items/anyOf/0/properties/message"}
    domain: "syntax"
    ignored: ["$id","examples"]
warning: the following keywords are unknown and will be ignored: [$id, examples]
    level: "warning"
    schema: {"loadingURI":"file:/D:/wolox/build/resources/test/errorSchema.json#","pointer":"/properties/origin"}
    domain: "syntax"
    ignored: ["$id","examples"]
warning: the following keywords are unknown and will be ignored: [$id, examples]
    level: "warning"
    schema: {"loadingURI":"file:/D:/wolox/build/resources/test/errorSchema.json#","pointer":"/properties/stack_trace"}
    domain: "syntax"
    ignored: ["$id","examples"]
warning: the following keywords are unknown and will be ignored: [$id, examples]
    level: "warning"
    schema: {"loadingURI":"file:/D:/wolox/build/resources/test/errorSchema.json#","pointer":"/properties/timestamp"}
    domain: "syntax"
    ignored: ["$id","examples"]
error: object has missing required properties (["origin","stack_trace"])
    level: "error"
    schema: {"loadingURI":"file:/D:/wolox/build/resources/test/errorSchema.json#","pointer":""}
    instance: {"pointer":""}
    domain: "validation"
    keyword: "required"
    required: ["errors","origin","stack_trace","timestamp"]
    missing: ["origin","stack_trace"]

  Actual: {"errors":[{"code":"authentication_error","message":"Invalid token"}],"timestamp":"2021-04-05T03:55:55.873Z"}

	at net.serenitybdd.screenplay.ErrorTally.throwSummaryExceptionFrom(ErrorTally.java:36)
	at net.serenitybdd.screenplay.ErrorTally.reportAnyErrors(ErrorTally.java:30)
	at net.serenitybdd.screenplay.Actor.should(Actor.java:316)
	at com.prueba.stepdefinitions.ComunStepDefinition.validoElEsquemaDelResponseConElEsquemaEsquema(ComunStepDefinition.java:36)
	at ?.valido el esquema del response con el esquema "errorSchema.json"(file:///D:/wolox/src/test/resources/com/prueba/features/albumesComprados.feature:58)


]]></system-out>
  <system-err><![CDATA[[Test worker] WARN io.cucumber.junit.CucumberSerenityRunner - By default Cucumber is running in --non-strict mode.
This default will change to --strict and --non-strict will be removed.
You can use --strict or @CucumberOptions(strict = true) to suppress this warning
[Test worker] INFO  - 

-------------------------------------------------------------------------------------
     _______. _______ .______       _______ .__   __.  __  .___________.____    ____ 
    /       ||   ____||   _  \     |   ____||  \ |  | |  | |           |\   \  /   / 
   |   (----`|  |__   |  |_)  |    |  |__   |   \|  | |  | `---|  |----` \   \/   /  
    \   \    |   __|  |      /     |   __|  |  . `  | |  |     |  |       \_    _/   
.----)   |   |  |____ |  |\  \----.|  |____ |  |\   | |  |     |  |         |  |     
|_______/    |_______|| _| `._____||_______||__| \__| |__|     |__|         |__|    
                                                                                     
 News and tutorials at http://www.serenity-bdd.info                                  
 Documentation at https://wakaleo.gitbooks.io/the-serenity-book/content/             
 Join the Serenity Community on Gitter: https://gitter.im/serenity-bdd/serenity-core 
 Serenity BDD Support and Training at http://serenity-bdd.info/#/trainingandsupport  
 Learn Serenity BDD online at https://www.serenitydojo.net                           
-------------------------------------------------------------------------------------

[Test worker] INFO  - Test Suite Started: Validar endpoint de albumes comprados
]]></system-err>
</testsuite>
