<?xml version="1.0" encoding="UTF-8"?>
<testsuite name="Validar endpoint de listado de usuarios" tests="6" skipped="0" failures="3" errors="0" timestamp="2021-04-04T15:17:14" hostname="DESKTOP-I0C78UK" time="33.2">
  <properties/>
  <testcase name="consultar lista de usuarios como usuario administrador correctmante" classname="Validar endpoint de listado de usuarios" time="1.118"/>
  <testcase name="consultar lista de usuarios como usuario regular correctmante" classname="Validar endpoint de listado de usuarios" time="1.195"/>
  <testcase name="validar el esquema de la respuesta del servicio" classname="Validar endpoint de listado de usuarios" time="1.243">
    <failure message="java.lang.AssertionError: 1 expectation failed.&#10;Response body doesn't match expectation.&#10;Expected: The content to match the given JSON schema.&#10;warning: the following keywords are unknown and will be ignored: [$id, examples]&#10;    level: &quot;warning&quot;&#10;    schema: {&quot;loadingURI&quot;:&quot;file:/D:/wolox/build/resources/test/listadoUsuarioSchema.json#&quot;,&quot;pointer&quot;:&quot;&quot;}&#10;    domain: &quot;syntax&quot;&#10;    ignored: [&quot;$id&quot;,&quot;examples&quot;]&#10;warning: the following keywords are unknown and will be ignored: [$id, examples]&#10;    level: &quot;warning&quot;&#10;    schema: {&quot;loadingURI&quot;:&quot;file:/D:/wolox/build/resources/test/listadoUsuarioSchema.json#&quot;,&quot;pointer&quot;:&quot;/properties/count&quot;}&#10;    domain: &quot;syntax&quot;&#10;    ignored: [&quot;$id&quot;,&quot;examples&quot;]&#10;warning: the following keywords are unknown and will be ignored: [$id, examples]&#10;    level: &quot;warning&quot;&#10;    schema: {&quot;loadingURI&quot;:&quot;file:/D:/wolox/build/resources/test/listadoUsuarioSchema.json#&quot;,&quot;pointer&quot;:&quot;/properties/current_page&quot;}&#10;    domain: &quot;syntax&quot;&#10;    ignored: [&quot;$id&quot;,&quot;examples&quot;]&#10;warning: the following keywords are unknown and will be ignored: [$id, examples]&#10;    level: &quot;warning&quot;&#10;    schema: {&quot;loadingURI&quot;:&quot;file:/D:/wolox/build/resources/test/listadoUsuarioSchema.json#&quot;,&quot;pointer&quot;:&quot;/properties/current_page_link&quot;}&#10;    domain: &quot;syntax&quot;&#10;    ignored: [&quot;$id&quot;,&quot;examples&quot;]&#10;warning: the following keywords are unknown and will be ignored: [$id, examples]&#10;    level: &quot;warning&quot;&#10;    schema: {&quot;loadingURI&quot;:&quot;file:/D:/wolox/build/resources/test/listadoUsuarioSchema.json#&quot;,&quot;pointer&quot;:&quot;/properties/first_page_link&quot;}&#10;    domain: &quot;syntax&quot;&#10;    ignored: [&quot;$id&quot;,&quot;examples&quot;]&#10;warning: the following keywords are unknown and will be ignored: [$id, examples]&#10;    level: &quot;warning&quot;&#10;    schema: {&quot;loadingURI&quot;:&quot;file:/D:/wolox/build/resources/test/listadoUsuarioSchema.json#&quot;,&quot;pointer&quot;:&quot;/properties/last_page_link&quot;}&#10;    domain: &quot;syntax&quot;&#10;    ignored: [&quot;$id&quot;,&quot;examples&quot;]&#10;warning: the following keywords are unknown and will be ignored: [$id, examples]&#10;    level: &quot;warning&quot;&#10;    schema: {&quot;loadingURI&quot;:&quot;file:/D:/wolox/build/resources/test/listadoUsuarioSchema.json#&quot;,&quot;pointer&quot;:&quot;/properties/limit&quot;}&#10;    domain: &quot;syntax&quot;&#10;    ignored: [&quot;$id&quot;,&quot;examples&quot;]&#10;warning: the following keywords are unknown and will be ignored: [$id, examples]&#10;    level: &quot;warning&quot;&#10;    schema: {&quot;loadingURI&quot;:&quot;file:/D:/wolox/build/resources/test/listadoUsuarioSchema.json#&quot;,&quot;pointer&quot;:&quot;/properties/n_page_link&quot;}&#10;    domain: &quot;syntax&quot;&#10;    ignored: [&quot;$id&quot;,&quot;examples&quot;]&#10;warning: the following keywords are unknown and will be ignored: [$id, examples]&#10;    level: &quot;warning&quot;&#10;    schema: {&quot;loadingURI&quot;:&quot;file:/D:/wolox/build/resources/test/listadoUsuarioSchema.json#&quot;,&quot;pointer&quot;:&quot;/properties/next_page&quot;}&#10;    domain: &quot;syntax&quot;&#10;    ignored: [&quot;$id&quot;,&quot;examples&quot;]&#10;warning: the following keywords are unknown and will be ignored: [$id, examples]&#10;    level: &quot;warning&quot;&#10;    schema: {&quot;loadingURI&quot;:&quot;file:/D:/wolox/build/resources/test/listadoUsuarioSchema.json#&quot;,&quot;pointer&quot;:&quot;/properties/next_page_link&quot;}&#10;    domain: &quot;syntax&quot;&#10;    ignored: [&quot;$id&quot;,&quot;examples&quot;]&#10;warning: the following keywords are unknown and will be ignored: [$id, examples]&#10;    level: &quot;warning&quot;&#10;    schema: {&quot;loadingURI&quot;:&quot;file:/D:/wolox/build/resources/test/listadoUsuarioSchema.json#&quot;,&quot;pointer&quot;:&quot;/properties/offset&quot;}&#10;    domain: &quot;syntax&quot;&#10;    ignored: [&quot;$id&quot;,&quot;examples&quot;]&#10;warning: the following keywords are unknown and will be ignored: [$id, examples]&#10;    level: &quot;warning&quot;&#10;    schema: {&quot;loadingURI&quot;:&quot;file:/D:/wolox/build/resources/test/listadoUsuarioSchema.json#&quot;,&quot;pointer&quot;:&quot;/properties/page&quot;}&#10;    domain: &quot;syntax&quot;&#10;    ignored: [&quot;$id&quot;,&quot;examples&quot;]&#10;warning: the following keywords are unknown and will be ignored: [$id]&#10;    level: &quot;warning&quot;&#10;    schema: {&quot;loadingURI&quot;:&quot;file:/D:/wolox/build/resources/test/listadoUsuarioSchema.json#&quot;,&quot;pointer&quot;:&quot;/properties/page/items&quot;}&#10;    domain: &quot;syntax&quot;&#10;    ignored: [&quot;$id&quot;]&#10;warning: the following keywords are unknown and will be ignored: [$id, examples]&#10;    level: &quot;warning&quot;&#10;    schema: {&quot;loadingURI&quot;:&quot;file:/D:/wolox/build/resources/test/listadoUsuarioSchema.json#&quot;,&quot;pointer&quot;:&quot;/properties/page/items/anyOf/0&quot;}&#10;    domain: &quot;syntax&quot;&#10;    ignored: [&quot;$id&quot;,&quot;examples&quot;]&#10;warning: the following keywords are unknown and will be ignored: [$id, examples]&#10;    level: &quot;warning&quot;&#10;    schema: {&quot;loadingURI&quot;:&quot;file:/D:/wolox/build/resources/test/listadoUsuarioSchema.json#&quot;,&quot;pointer&quot;:&quot;/properties/page/items/anyOf/0/properties/email&quot;}&#10;    domain: &quot;syntax&quot;&#10;    ignored: [&quot;$id&quot;,&quot;examples&quot;]&#10;warning: the following keywords are unknown and will be ignored: [$id, examples]&#10;    level: &quot;warning&quot;&#10;    schema: {&quot;loadingURI&quot;:&quot;file:/D:/wolox/build/resources/test/listadoUsuarioSchema.json#&quot;,&quot;pointer&quot;:&quot;/properties/page/items/anyOf/0/properties/first_name&quot;}&#10;    domain: &quot;syntax&quot;&#10;    ignored: [&quot;$id&quot;,&quot;examples&quot;]&#10;warning: the following keywords are unknown and will be ignored: [$id, examples]&#10;    level: &quot;warning&quot;&#10;    schema: {&quot;loadingURI&quot;:&quot;file:/D:/wolox/build/resources/test/listadoUsuarioSchema.json#&quot;,&quot;pointer&quot;:&quot;/properties/page/items/anyOf/0/properties/last_name&quot;}&#10;    domain: &quot;syntax&quot;&#10;    ignored: [&quot;$id&quot;,&quot;examples&quot;]&#10;warning: the following keywords are unknown and will be ignored: [$id, examples]&#10;    level: &quot;warning&quot;&#10;    schema: {&quot;loadingURI&quot;:&quot;file:/D:/wolox/build/resources/test/listadoUsuarioSchema.json#&quot;,&quot;pointer&quot;:&quot;/properties/page/items/anyOf/0/properties/role&quot;}&#10;    domain: &quot;syntax&quot;&#10;    ignored: [&quot;$id&quot;,&quot;examples&quot;]&#10;warning: the following keywords are unknown and will be ignored: [$id, examples]&#10;    level: &quot;warning&quot;&#10;    schema: {&quot;loadingURI&quot;:&quot;file:/D:/wolox/build/resources/test/listadoUsuarioSchema.json#&quot;,&quot;pointer&quot;:&quot;/properties/previous_page&quot;}&#10;    domain: &quot;syntax&quot;&#10;    ignored: [&quot;$id&quot;,&quot;examples&quot;]&#10;warning: the following keywords are unknown and will be ignored: [$id, examples]&#10;    level: &quot;warning&quot;&#10;    schema: {&quot;loadingURI&quot;:&quot;file:/D:/wolox/build/resources/test/listadoUsuarioSchema.json#&quot;,&quot;pointer&quot;:&quot;/properties/previous_page_link&quot;}&#10;    domain: &quot;syntax&quot;&#10;    ignored: [&quot;$id&quot;,&quot;examples&quot;]&#10;warning: the following keywords are unknown and will be ignored: [$id, examples]&#10;    level: &quot;warning&quot;&#10;    schema: {&quot;loadingURI&quot;:&quot;file:/D:/wolox/build/resources/test/listadoUsuarioSchema.json#&quot;,&quot;pointer&quot;:&quot;/properties/total_count&quot;}&#10;    domain: &quot;syntax&quot;&#10;    ignored: [&quot;$id&quot;,&quot;examples&quot;]&#10;warning: the following keywords are unknown and will be ignored: [$id, examples]&#10;    level: &quot;warning&quot;&#10;    schema: {&quot;loadingURI&quot;:&quot;file:/D:/wolox/build/resources/test/listadoUsuarioSchema.json#&quot;,&quot;pointer&quot;:&quot;/properties/total_pages&quot;}&#10;    domain: &quot;syntax&quot;&#10;    ignored: [&quot;$id&quot;,&quot;examples&quot;]&#10;error: object has missing required properties ([&quot;current_page_link&quot;,&quot;first_page_link&quot;,&quot;last_page_link&quot;,&quot;n_page_link&quot;,&quot;next_page_link&quot;,&quot;previous_page_link&quot;])&#10;    level: &quot;error&quot;&#10;    schema: {&quot;loadingURI&quot;:&quot;file:/D:/wolox/build/resources/test/listadoUsuarioSchema.json#&quot;,&quot;pointer&quot;:&quot;&quot;}&#10;    instance: {&quot;pointer&quot;:&quot;&quot;}&#10;    domain: &quot;validation&quot;&#10;    keyword: &quot;required&quot;&#10;    required: [&quot;count&quot;,&quot;current_page&quot;,&quot;current_page_link&quot;,&quot;first_page_link&quot;,&quot;last_page_link&quot;,&quot;limit&quot;,&quot;n_page_link&quot;,&quot;next_page&quot;,&quot;next_page_link&quot;,&quot;offset&quot;,&quot;page&quot;,&quot;previous_page&quot;,&quot;previous_page_link&quot;,&quot;total_count&quot;,&quot;total_pages&quot;]&#10;    missing: [&quot;current_page_link&quot;,&quot;first_page_link&quot;,&quot;last_page_link&quot;,&quot;n_page_link&quot;,&quot;next_page_link&quot;,&quot;previous_page_link&quot;]&#10;&#10;  Actual: {&quot;total_count&quot;:277,&quot;count&quot;:10,&quot;total_pages&quot;:28,&quot;limit&quot;:10,&quot;offset&quot;:0,&quot;current_page&quot;:1,&quot;page&quot;:[{&quot;first_name&quot;:&quot;Hernan&quot;,&quot;last_name&quot;:&quot;Garcia98&quot;,&quot;email&quot;:&quot;hernan003@wolox.com.ar&quot;,&quot;role&quot;:&quot;regular&quot;},{&quot;first_name&quot;:&quot;Hernan&quot;,&quot;last_name&quot;:&quot;Garcia&quot;,&quot;email&quot;:&quot;hernan000@wolox.com.ar&quot;,&quot;role&quot;:&quot;regular&quot;},{&quot;first_name&quot;:&quot;Ricardo&quot;,&quot;last_name&quot;:&quot;Pantoja&quot;,&quot;email&quot;:&quot;emilia.nava@wolox.com.ar&quot;,&quot;role&quot;:&quot;regular&quot;},{&quot;first_name&quot;:&quot;Hernan&quot;,&quot;last_name&quot;:&quot;Garcia&quot;,&quot;email&quot;:&quot;h6@wolox.com.ar&quot;,&quot;role&quot;:&quot;regular&quot;},{&quot;first_name&quot;:&quot;5&quot;,&quot;last_name&quot;:&quot;4&quot;,&quot;email&quot;:&quot;alfredo.cedillo@wolox.com.ar&quot;,&quot;role&quot;:&quot;regular&quot;},{&quot;first_name&quot;:&quot;Tomás&quot;,&quot;last_name&quot;:&quot;Griego&quot;,&quot;email&quot;:&quot;mayte.aguilera@wolox.com.ar&quot;,&quot;role&quot;:&quot;regular&quot;},{&quot;first_name&quot;:&quot;Jose Antonio&quot;,&quot;last_name&quot;:&quot;Bermudez&quot;,&quot;email&quot;:&quot;jose.beruda@wolox.com.ar&quot;,&quot;role&quot;:&quot;regular&quot;},{&quot;first_name&quot;:&quot;Juan&quot;,&quot;last_name&quot;:&quot;Perez&quot;,&quot;email&quot;:&quot;jperez@wolox.com.ar&quot;,&quot;role&quot;:&quot;regular&quot;},{&quot;first_name&quot;:&quot;Hernan&quot;,&quot;last_name&quot;:&quot;Garcia&quot;,&quot;email&quot;:&quot;h7@wolox.com.ar&quot;,&quot;role&quot;:&quot;regular&quot;},{&quot;first_name&quot;:&quot;1&quot;,&quot;last_name&quot;:&quot;4&quot;,&quot;email&quot;:&quot;miguel.contreras@wolox.com.ar&quot;,&quot;role&quot;:&quot;regular&quot;}],&quot;previous_page&quot;:null,&quot;next_page&quot;:2}&#10;" type="java.lang.AssertionError">java.lang.AssertionError: 1 expectation failed.
Response body doesn't match expectation.
Expected: The content to match the given JSON schema.
warning: the following keywords are unknown and will be ignored: [$id, examples]
    level: &quot;warning&quot;
    schema: {&quot;loadingURI&quot;:&quot;file:/D:/wolox/build/resources/test/listadoUsuarioSchema.json#&quot;,&quot;pointer&quot;:&quot;&quot;}
    domain: &quot;syntax&quot;
    ignored: [&quot;$id&quot;,&quot;examples&quot;]
warning: the following keywords are unknown and will be ignored: [$id, examples]
    level: &quot;warning&quot;
    schema: {&quot;loadingURI&quot;:&quot;file:/D:/wolox/build/resources/test/listadoUsuarioSchema.json#&quot;,&quot;pointer&quot;:&quot;/properties/count&quot;}
    domain: &quot;syntax&quot;
    ignored: [&quot;$id&quot;,&quot;examples&quot;]
warning: the following keywords are unknown and will be ignored: [$id, examples]
    level: &quot;warning&quot;
    schema: {&quot;loadingURI&quot;:&quot;file:/D:/wolox/build/resources/test/listadoUsuarioSchema.json#&quot;,&quot;pointer&quot;:&quot;/properties/current_page&quot;}
    domain: &quot;syntax&quot;
    ignored: [&quot;$id&quot;,&quot;examples&quot;]
warning: the following keywords are unknown and will be ignored: [$id, examples]
    level: &quot;warning&quot;
    schema: {&quot;loadingURI&quot;:&quot;file:/D:/wolox/build/resources/test/listadoUsuarioSchema.json#&quot;,&quot;pointer&quot;:&quot;/properties/current_page_link&quot;}
    domain: &quot;syntax&quot;
    ignored: [&quot;$id&quot;,&quot;examples&quot;]
warning: the following keywords are unknown and will be ignored: [$id, examples]
    level: &quot;warning&quot;
    schema: {&quot;loadingURI&quot;:&quot;file:/D:/wolox/build/resources/test/listadoUsuarioSchema.json#&quot;,&quot;pointer&quot;:&quot;/properties/first_page_link&quot;}
    domain: &quot;syntax&quot;
    ignored: [&quot;$id&quot;,&quot;examples&quot;]
warning: the following keywords are unknown and will be ignored: [$id, examples]
    level: &quot;warning&quot;
    schema: {&quot;loadingURI&quot;:&quot;file:/D:/wolox/build/resources/test/listadoUsuarioSchema.json#&quot;,&quot;pointer&quot;:&quot;/properties/last_page_link&quot;}
    domain: &quot;syntax&quot;
    ignored: [&quot;$id&quot;,&quot;examples&quot;]
warning: the following keywords are unknown and will be ignored: [$id, examples]
    level: &quot;warning&quot;
    schema: {&quot;loadingURI&quot;:&quot;file:/D:/wolox/build/resources/test/listadoUsuarioSchema.json#&quot;,&quot;pointer&quot;:&quot;/properties/limit&quot;}
    domain: &quot;syntax&quot;
    ignored: [&quot;$id&quot;,&quot;examples&quot;]
warning: the following keywords are unknown and will be ignored: [$id, examples]
    level: &quot;warning&quot;
    schema: {&quot;loadingURI&quot;:&quot;file:/D:/wolox/build/resources/test/listadoUsuarioSchema.json#&quot;,&quot;pointer&quot;:&quot;/properties/n_page_link&quot;}
    domain: &quot;syntax&quot;
    ignored: [&quot;$id&quot;,&quot;examples&quot;]
warning: the following keywords are unknown and will be ignored: [$id, examples]
    level: &quot;warning&quot;
    schema: {&quot;loadingURI&quot;:&quot;file:/D:/wolox/build/resources/test/listadoUsuarioSchema.json#&quot;,&quot;pointer&quot;:&quot;/properties/next_page&quot;}
    domain: &quot;syntax&quot;
    ignored: [&quot;$id&quot;,&quot;examples&quot;]
warning: the following keywords are unknown and will be ignored: [$id, examples]
    level: &quot;warning&quot;
    schema: {&quot;loadingURI&quot;:&quot;file:/D:/wolox/build/resources/test/listadoUsuarioSchema.json#&quot;,&quot;pointer&quot;:&quot;/properties/next_page_link&quot;}
    domain: &quot;syntax&quot;
    ignored: [&quot;$id&quot;,&quot;examples&quot;]
warning: the following keywords are unknown and will be ignored: [$id, examples]
    level: &quot;warning&quot;
    schema: {&quot;loadingURI&quot;:&quot;file:/D:/wolox/build/resources/test/listadoUsuarioSchema.json#&quot;,&quot;pointer&quot;:&quot;/properties/offset&quot;}
    domain: &quot;syntax&quot;
    ignored: [&quot;$id&quot;,&quot;examples&quot;]
warning: the following keywords are unknown and will be ignored: [$id, examples]
    level: &quot;warning&quot;
    schema: {&quot;loadingURI&quot;:&quot;file:/D:/wolox/build/resources/test/listadoUsuarioSchema.json#&quot;,&quot;pointer&quot;:&quot;/properties/page&quot;}
    domain: &quot;syntax&quot;
    ignored: [&quot;$id&quot;,&quot;examples&quot;]
warning: the following keywords are unknown and will be ignored: [$id]
    level: &quot;warning&quot;
    schema: {&quot;loadingURI&quot;:&quot;file:/D:/wolox/build/resources/test/listadoUsuarioSchema.json#&quot;,&quot;pointer&quot;:&quot;/properties/page/items&quot;}
    domain: &quot;syntax&quot;
    ignored: [&quot;$id&quot;]
warning: the following keywords are unknown and will be ignored: [$id, examples]
    level: &quot;warning&quot;
    schema: {&quot;loadingURI&quot;:&quot;file:/D:/wolox/build/resources/test/listadoUsuarioSchema.json#&quot;,&quot;pointer&quot;:&quot;/properties/page/items/anyOf/0&quot;}
    domain: &quot;syntax&quot;
    ignored: [&quot;$id&quot;,&quot;examples&quot;]
warning: the following keywords are unknown and will be ignored: [$id, examples]
    level: &quot;warning&quot;
    schema: {&quot;loadingURI&quot;:&quot;file:/D:/wolox/build/resources/test/listadoUsuarioSchema.json#&quot;,&quot;pointer&quot;:&quot;/properties/page/items/anyOf/0/properties/email&quot;}
    domain: &quot;syntax&quot;
    ignored: [&quot;$id&quot;,&quot;examples&quot;]
warning: the following keywords are unknown and will be ignored: [$id, examples]
    level: &quot;warning&quot;
    schema: {&quot;loadingURI&quot;:&quot;file:/D:/wolox/build/resources/test/listadoUsuarioSchema.json#&quot;,&quot;pointer&quot;:&quot;/properties/page/items/anyOf/0/properties/first_name&quot;}
    domain: &quot;syntax&quot;
    ignored: [&quot;$id&quot;,&quot;examples&quot;]
warning: the following keywords are unknown and will be ignored: [$id, examples]
    level: &quot;warning&quot;
    schema: {&quot;loadingURI&quot;:&quot;file:/D:/wolox/build/resources/test/listadoUsuarioSchema.json#&quot;,&quot;pointer&quot;:&quot;/properties/page/items/anyOf/0/properties/last_name&quot;}
    domain: &quot;syntax&quot;
    ignored: [&quot;$id&quot;,&quot;examples&quot;]
warning: the following keywords are unknown and will be ignored: [$id, examples]
    level: &quot;warning&quot;
    schema: {&quot;loadingURI&quot;:&quot;file:/D:/wolox/build/resources/test/listadoUsuarioSchema.json#&quot;,&quot;pointer&quot;:&quot;/properties/page/items/anyOf/0/properties/role&quot;}
    domain: &quot;syntax&quot;
    ignored: [&quot;$id&quot;,&quot;examples&quot;]
warning: the following keywords are unknown and will be ignored: [$id, examples]
    level: &quot;warning&quot;
    schema: {&quot;loadingURI&quot;:&quot;file:/D:/wolox/build/resources/test/listadoUsuarioSchema.json#&quot;,&quot;pointer&quot;:&quot;/properties/previous_page&quot;}
    domain: &quot;syntax&quot;
    ignored: [&quot;$id&quot;,&quot;examples&quot;]
warning: the following keywords are unknown and will be ignored: [$id, examples]
    level: &quot;warning&quot;
    schema: {&quot;loadingURI&quot;:&quot;file:/D:/wolox/build/resources/test/listadoUsuarioSchema.json#&quot;,&quot;pointer&quot;:&quot;/properties/previous_page_link&quot;}
    domain: &quot;syntax&quot;
    ignored: [&quot;$id&quot;,&quot;examples&quot;]
warning: the following keywords are unknown and will be ignored: [$id, examples]
    level: &quot;warning&quot;
    schema: {&quot;loadingURI&quot;:&quot;file:/D:/wolox/build/resources/test/listadoUsuarioSchema.json#&quot;,&quot;pointer&quot;:&quot;/properties/total_count&quot;}
    domain: &quot;syntax&quot;
    ignored: [&quot;$id&quot;,&quot;examples&quot;]
warning: the following keywords are unknown and will be ignored: [$id, examples]
    level: &quot;warning&quot;
    schema: {&quot;loadingURI&quot;:&quot;file:/D:/wolox/build/resources/test/listadoUsuarioSchema.json#&quot;,&quot;pointer&quot;:&quot;/properties/total_pages&quot;}
    domain: &quot;syntax&quot;
    ignored: [&quot;$id&quot;,&quot;examples&quot;]
error: object has missing required properties ([&quot;current_page_link&quot;,&quot;first_page_link&quot;,&quot;last_page_link&quot;,&quot;n_page_link&quot;,&quot;next_page_link&quot;,&quot;previous_page_link&quot;])
    level: &quot;error&quot;
    schema: {&quot;loadingURI&quot;:&quot;file:/D:/wolox/build/resources/test/listadoUsuarioSchema.json#&quot;,&quot;pointer&quot;:&quot;&quot;}
    instance: {&quot;pointer&quot;:&quot;&quot;}
    domain: &quot;validation&quot;
    keyword: &quot;required&quot;
    required: [&quot;count&quot;,&quot;current_page&quot;,&quot;current_page_link&quot;,&quot;first_page_link&quot;,&quot;last_page_link&quot;,&quot;limit&quot;,&quot;n_page_link&quot;,&quot;next_page&quot;,&quot;next_page_link&quot;,&quot;offset&quot;,&quot;page&quot;,&quot;previous_page&quot;,&quot;previous_page_link&quot;,&quot;total_count&quot;,&quot;total_pages&quot;]
    missing: [&quot;current_page_link&quot;,&quot;first_page_link&quot;,&quot;last_page_link&quot;,&quot;n_page_link&quot;,&quot;next_page_link&quot;,&quot;previous_page_link&quot;]

  Actual: {&quot;total_count&quot;:277,&quot;count&quot;:10,&quot;total_pages&quot;:28,&quot;limit&quot;:10,&quot;offset&quot;:0,&quot;current_page&quot;:1,&quot;page&quot;:[{&quot;first_name&quot;:&quot;Hernan&quot;,&quot;last_name&quot;:&quot;Garcia98&quot;,&quot;email&quot;:&quot;hernan003@wolox.com.ar&quot;,&quot;role&quot;:&quot;regular&quot;},{&quot;first_name&quot;:&quot;Hernan&quot;,&quot;last_name&quot;:&quot;Garcia&quot;,&quot;email&quot;:&quot;hernan000@wolox.com.ar&quot;,&quot;role&quot;:&quot;regular&quot;},{&quot;first_name&quot;:&quot;Ricardo&quot;,&quot;last_name&quot;:&quot;Pantoja&quot;,&quot;email&quot;:&quot;emilia.nava@wolox.com.ar&quot;,&quot;role&quot;:&quot;regular&quot;},{&quot;first_name&quot;:&quot;Hernan&quot;,&quot;last_name&quot;:&quot;Garcia&quot;,&quot;email&quot;:&quot;h6@wolox.com.ar&quot;,&quot;role&quot;:&quot;regular&quot;},{&quot;first_name&quot;:&quot;5&quot;,&quot;last_name&quot;:&quot;4&quot;,&quot;email&quot;:&quot;alfredo.cedillo@wolox.com.ar&quot;,&quot;role&quot;:&quot;regular&quot;},{&quot;first_name&quot;:&quot;Tomás&quot;,&quot;last_name&quot;:&quot;Griego&quot;,&quot;email&quot;:&quot;mayte.aguilera@wolox.com.ar&quot;,&quot;role&quot;:&quot;regular&quot;},{&quot;first_name&quot;:&quot;Jose Antonio&quot;,&quot;last_name&quot;:&quot;Bermudez&quot;,&quot;email&quot;:&quot;jose.beruda@wolox.com.ar&quot;,&quot;role&quot;:&quot;regular&quot;},{&quot;first_name&quot;:&quot;Juan&quot;,&quot;last_name&quot;:&quot;Perez&quot;,&quot;email&quot;:&quot;jperez@wolox.com.ar&quot;,&quot;role&quot;:&quot;regular&quot;},{&quot;first_name&quot;:&quot;Hernan&quot;,&quot;last_name&quot;:&quot;Garcia&quot;,&quot;email&quot;:&quot;h7@wolox.com.ar&quot;,&quot;role&quot;:&quot;regular&quot;},{&quot;first_name&quot;:&quot;1&quot;,&quot;last_name&quot;:&quot;4&quot;,&quot;email&quot;:&quot;miguel.contreras@wolox.com.ar&quot;,&quot;role&quot;:&quot;regular&quot;}],&quot;previous_page&quot;:null,&quot;next_page&quot;:2}

	at net.serenitybdd.screenplay.ErrorTally.throwSummaryExceptionFrom(ErrorTally.java:36)
	at net.serenitybdd.screenplay.ErrorTally.reportAnyErrors(ErrorTally.java:30)
	at net.serenitybdd.screenplay.Actor.should(Actor.java:316)
	at com.prueba.stepdefinitions.ComunStepDefinition.validoElEsquemaDelResponseConElEsquemaEsquema(ComunStepDefinition.java:32)
	at ✽.valido el esquema del response con el esquema &quot;listadoUsuarioSchema.json&quot;(file:///D:/wolox/src/test/resources/com/prueba/features/listadoUsuario.feature:26)
</failure>
  </testcase>
  <testcase name="validar el esquema de la respuesta del servicio" classname="Validar endpoint de listado de usuarios" time="1.257">
    <failure message="java.lang.AssertionError: 1 expectation failed.&#10;Response body doesn't match expectation.&#10;Expected: The content to match the given JSON schema.&#10;warning: the following keywords are unknown and will be ignored: [$id, examples]&#10;    level: &quot;warning&quot;&#10;    schema: {&quot;loadingURI&quot;:&quot;file:/D:/wolox/build/resources/test/listadoUsuarioSchema.json#&quot;,&quot;pointer&quot;:&quot;&quot;}&#10;    domain: &quot;syntax&quot;&#10;    ignored: [&quot;$id&quot;,&quot;examples&quot;]&#10;warning: the following keywords are unknown and will be ignored: [$id, examples]&#10;    level: &quot;warning&quot;&#10;    schema: {&quot;loadingURI&quot;:&quot;file:/D:/wolox/build/resources/test/listadoUsuarioSchema.json#&quot;,&quot;pointer&quot;:&quot;/properties/count&quot;}&#10;    domain: &quot;syntax&quot;&#10;    ignored: [&quot;$id&quot;,&quot;examples&quot;]&#10;warning: the following keywords are unknown and will be ignored: [$id, examples]&#10;    level: &quot;warning&quot;&#10;    schema: {&quot;loadingURI&quot;:&quot;file:/D:/wolox/build/resources/test/listadoUsuarioSchema.json#&quot;,&quot;pointer&quot;:&quot;/properties/current_page&quot;}&#10;    domain: &quot;syntax&quot;&#10;    ignored: [&quot;$id&quot;,&quot;examples&quot;]&#10;warning: the following keywords are unknown and will be ignored: [$id, examples]&#10;    level: &quot;warning&quot;&#10;    schema: {&quot;loadingURI&quot;:&quot;file:/D:/wolox/build/resources/test/listadoUsuarioSchema.json#&quot;,&quot;pointer&quot;:&quot;/properties/current_page_link&quot;}&#10;    domain: &quot;syntax&quot;&#10;    ignored: [&quot;$id&quot;,&quot;examples&quot;]&#10;warning: the following keywords are unknown and will be ignored: [$id, examples]&#10;    level: &quot;warning&quot;&#10;    schema: {&quot;loadingURI&quot;:&quot;file:/D:/wolox/build/resources/test/listadoUsuarioSchema.json#&quot;,&quot;pointer&quot;:&quot;/properties/first_page_link&quot;}&#10;    domain: &quot;syntax&quot;&#10;    ignored: [&quot;$id&quot;,&quot;examples&quot;]&#10;warning: the following keywords are unknown and will be ignored: [$id, examples]&#10;    level: &quot;warning&quot;&#10;    schema: {&quot;loadingURI&quot;:&quot;file:/D:/wolox/build/resources/test/listadoUsuarioSchema.json#&quot;,&quot;pointer&quot;:&quot;/properties/last_page_link&quot;}&#10;    domain: &quot;syntax&quot;&#10;    ignored: [&quot;$id&quot;,&quot;examples&quot;]&#10;warning: the following keywords are unknown and will be ignored: [$id, examples]&#10;    level: &quot;warning&quot;&#10;    schema: {&quot;loadingURI&quot;:&quot;file:/D:/wolox/build/resources/test/listadoUsuarioSchema.json#&quot;,&quot;pointer&quot;:&quot;/properties/limit&quot;}&#10;    domain: &quot;syntax&quot;&#10;    ignored: [&quot;$id&quot;,&quot;examples&quot;]&#10;warning: the following keywords are unknown and will be ignored: [$id, examples]&#10;    level: &quot;warning&quot;&#10;    schema: {&quot;loadingURI&quot;:&quot;file:/D:/wolox/build/resources/test/listadoUsuarioSchema.json#&quot;,&quot;pointer&quot;:&quot;/properties/n_page_link&quot;}&#10;    domain: &quot;syntax&quot;&#10;    ignored: [&quot;$id&quot;,&quot;examples&quot;]&#10;warning: the following keywords are unknown and will be ignored: [$id, examples]&#10;    level: &quot;warning&quot;&#10;    schema: {&quot;loadingURI&quot;:&quot;file:/D:/wolox/build/resources/test/listadoUsuarioSchema.json#&quot;,&quot;pointer&quot;:&quot;/properties/next_page&quot;}&#10;    domain: &quot;syntax&quot;&#10;    ignored: [&quot;$id&quot;,&quot;examples&quot;]&#10;warning: the following keywords are unknown and will be ignored: [$id, examples]&#10;    level: &quot;warning&quot;&#10;    schema: {&quot;loadingURI&quot;:&quot;file:/D:/wolox/build/resources/test/listadoUsuarioSchema.json#&quot;,&quot;pointer&quot;:&quot;/properties/next_page_link&quot;}&#10;    domain: &quot;syntax&quot;&#10;    ignored: [&quot;$id&quot;,&quot;examples&quot;]&#10;warning: the following keywords are unknown and will be ignored: [$id, examples]&#10;    level: &quot;warning&quot;&#10;    schema: {&quot;loadingURI&quot;:&quot;file:/D:/wolox/build/resources/test/listadoUsuarioSchema.json#&quot;,&quot;pointer&quot;:&quot;/properties/offset&quot;}&#10;    domain: &quot;syntax&quot;&#10;    ignored: [&quot;$id&quot;,&quot;examples&quot;]&#10;warning: the following keywords are unknown and will be ignored: [$id, examples]&#10;    level: &quot;warning&quot;&#10;    schema: {&quot;loadingURI&quot;:&quot;file:/D:/wolox/build/resources/test/listadoUsuarioSchema.json#&quot;,&quot;pointer&quot;:&quot;/properties/page&quot;}&#10;    domain: &quot;syntax&quot;&#10;    ignored: [&quot;$id&quot;,&quot;examples&quot;]&#10;warning: the following keywords are unknown and will be ignored: [$id]&#10;    level: &quot;warning&quot;&#10;    schema: {&quot;loadingURI&quot;:&quot;file:/D:/wolox/build/resources/test/listadoUsuarioSchema.json#&quot;,&quot;pointer&quot;:&quot;/properties/page/items&quot;}&#10;    domain: &quot;syntax&quot;&#10;    ignored: [&quot;$id&quot;]&#10;warning: the following keywords are unknown and will be ignored: [$id, examples]&#10;    level: &quot;warning&quot;&#10;    schema: {&quot;loadingURI&quot;:&quot;file:/D:/wolox/build/resources/test/listadoUsuarioSchema.json#&quot;,&quot;pointer&quot;:&quot;/properties/page/items/anyOf/0&quot;}&#10;    domain: &quot;syntax&quot;&#10;    ignored: [&quot;$id&quot;,&quot;examples&quot;]&#10;warning: the following keywords are unknown and will be ignored: [$id, examples]&#10;    level: &quot;warning&quot;&#10;    schema: {&quot;loadingURI&quot;:&quot;file:/D:/wolox/build/resources/test/listadoUsuarioSchema.json#&quot;,&quot;pointer&quot;:&quot;/properties/page/items/anyOf/0/properties/email&quot;}&#10;    domain: &quot;syntax&quot;&#10;    ignored: [&quot;$id&quot;,&quot;examples&quot;]&#10;warning: the following keywords are unknown and will be ignored: [$id, examples]&#10;    level: &quot;warning&quot;&#10;    schema: {&quot;loadingURI&quot;:&quot;file:/D:/wolox/build/resources/test/listadoUsuarioSchema.json#&quot;,&quot;pointer&quot;:&quot;/properties/page/items/anyOf/0/properties/first_name&quot;}&#10;    domain: &quot;syntax&quot;&#10;    ignored: [&quot;$id&quot;,&quot;examples&quot;]&#10;warning: the following keywords are unknown and will be ignored: [$id, examples]&#10;    level: &quot;warning&quot;&#10;    schema: {&quot;loadingURI&quot;:&quot;file:/D:/wolox/build/resources/test/listadoUsuarioSchema.json#&quot;,&quot;pointer&quot;:&quot;/properties/page/items/anyOf/0/properties/last_name&quot;}&#10;    domain: &quot;syntax&quot;&#10;    ignored: [&quot;$id&quot;,&quot;examples&quot;]&#10;warning: the following keywords are unknown and will be ignored: [$id, examples]&#10;    level: &quot;warning&quot;&#10;    schema: {&quot;loadingURI&quot;:&quot;file:/D:/wolox/build/resources/test/listadoUsuarioSchema.json#&quot;,&quot;pointer&quot;:&quot;/properties/page/items/anyOf/0/properties/role&quot;}&#10;    domain: &quot;syntax&quot;&#10;    ignored: [&quot;$id&quot;,&quot;examples&quot;]&#10;warning: the following keywords are unknown and will be ignored: [$id, examples]&#10;    level: &quot;warning&quot;&#10;    schema: {&quot;loadingURI&quot;:&quot;file:/D:/wolox/build/resources/test/listadoUsuarioSchema.json#&quot;,&quot;pointer&quot;:&quot;/properties/previous_page&quot;}&#10;    domain: &quot;syntax&quot;&#10;    ignored: [&quot;$id&quot;,&quot;examples&quot;]&#10;warning: the following keywords are unknown and will be ignored: [$id, examples]&#10;    level: &quot;warning&quot;&#10;    schema: {&quot;loadingURI&quot;:&quot;file:/D:/wolox/build/resources/test/listadoUsuarioSchema.json#&quot;,&quot;pointer&quot;:&quot;/properties/previous_page_link&quot;}&#10;    domain: &quot;syntax&quot;&#10;    ignored: [&quot;$id&quot;,&quot;examples&quot;]&#10;warning: the following keywords are unknown and will be ignored: [$id, examples]&#10;    level: &quot;warning&quot;&#10;    schema: {&quot;loadingURI&quot;:&quot;file:/D:/wolox/build/resources/test/listadoUsuarioSchema.json#&quot;,&quot;pointer&quot;:&quot;/properties/total_count&quot;}&#10;    domain: &quot;syntax&quot;&#10;    ignored: [&quot;$id&quot;,&quot;examples&quot;]&#10;warning: the following keywords are unknown and will be ignored: [$id, examples]&#10;    level: &quot;warning&quot;&#10;    schema: {&quot;loadingURI&quot;:&quot;file:/D:/wolox/build/resources/test/listadoUsuarioSchema.json#&quot;,&quot;pointer&quot;:&quot;/properties/total_pages&quot;}&#10;    domain: &quot;syntax&quot;&#10;    ignored: [&quot;$id&quot;,&quot;examples&quot;]&#10;error: object has missing required properties ([&quot;current_page_link&quot;,&quot;first_page_link&quot;,&quot;last_page_link&quot;,&quot;n_page_link&quot;,&quot;next_page_link&quot;,&quot;previous_page_link&quot;])&#10;    level: &quot;error&quot;&#10;    schema: {&quot;loadingURI&quot;:&quot;file:/D:/wolox/build/resources/test/listadoUsuarioSchema.json#&quot;,&quot;pointer&quot;:&quot;&quot;}&#10;    instance: {&quot;pointer&quot;:&quot;&quot;}&#10;    domain: &quot;validation&quot;&#10;    keyword: &quot;required&quot;&#10;    required: [&quot;count&quot;,&quot;current_page&quot;,&quot;current_page_link&quot;,&quot;first_page_link&quot;,&quot;last_page_link&quot;,&quot;limit&quot;,&quot;n_page_link&quot;,&quot;next_page&quot;,&quot;next_page_link&quot;,&quot;offset&quot;,&quot;page&quot;,&quot;previous_page&quot;,&quot;previous_page_link&quot;,&quot;total_count&quot;,&quot;total_pages&quot;]&#10;    missing: [&quot;current_page_link&quot;,&quot;first_page_link&quot;,&quot;last_page_link&quot;,&quot;n_page_link&quot;,&quot;next_page_link&quot;,&quot;previous_page_link&quot;]&#10;&#10;  Actual: {&quot;total_count&quot;:276,&quot;count&quot;:10,&quot;total_pages&quot;:28,&quot;limit&quot;:10,&quot;offset&quot;:0,&quot;current_page&quot;:1,&quot;page&quot;:[{&quot;first_name&quot;:&quot;Hernan&quot;,&quot;last_name&quot;:&quot;Garcia98&quot;,&quot;email&quot;:&quot;hernan003@wolox.com.ar&quot;,&quot;role&quot;:&quot;regular&quot;},{&quot;first_name&quot;:&quot;Hernan&quot;,&quot;last_name&quot;:&quot;Garcia&quot;,&quot;email&quot;:&quot;hernan000@wolox.com.ar&quot;,&quot;role&quot;:&quot;regular&quot;},{&quot;first_name&quot;:&quot;Ricardo&quot;,&quot;last_name&quot;:&quot;Pantoja&quot;,&quot;email&quot;:&quot;emilia.nava@wolox.com.ar&quot;,&quot;role&quot;:&quot;regular&quot;},{&quot;first_name&quot;:&quot;Hernan&quot;,&quot;last_name&quot;:&quot;Garcia&quot;,&quot;email&quot;:&quot;h6@wolox.com.ar&quot;,&quot;role&quot;:&quot;regular&quot;},{&quot;first_name&quot;:&quot;5&quot;,&quot;last_name&quot;:&quot;4&quot;,&quot;email&quot;:&quot;alfredo.cedillo@wolox.com.ar&quot;,&quot;role&quot;:&quot;regular&quot;},{&quot;first_name&quot;:&quot;Tomás&quot;,&quot;last_name&quot;:&quot;Griego&quot;,&quot;email&quot;:&quot;mayte.aguilera@wolox.com.ar&quot;,&quot;role&quot;:&quot;regular&quot;},{&quot;first_name&quot;:&quot;Jose Antonio&quot;,&quot;last_name&quot;:&quot;Bermudez&quot;,&quot;email&quot;:&quot;jose.beruda@wolox.com.ar&quot;,&quot;role&quot;:&quot;regular&quot;},{&quot;first_name&quot;:&quot;Juan&quot;,&quot;last_name&quot;:&quot;Perez&quot;,&quot;email&quot;:&quot;jperez@wolox.com.ar&quot;,&quot;role&quot;:&quot;regular&quot;},{&quot;first_name&quot;:&quot;Hernan&quot;,&quot;last_name&quot;:&quot;Garcia&quot;,&quot;email&quot;:&quot;h7@wolox.com.ar&quot;,&quot;role&quot;:&quot;regular&quot;},{&quot;first_name&quot;:&quot;1&quot;,&quot;last_name&quot;:&quot;4&quot;,&quot;email&quot;:&quot;miguel.contreras@wolox.com.ar&quot;,&quot;role&quot;:&quot;regular&quot;}],&quot;previous_page&quot;:null,&quot;next_page&quot;:2}&#10;" type="java.lang.AssertionError">java.lang.AssertionError: 1 expectation failed.
Response body doesn't match expectation.
Expected: The content to match the given JSON schema.
warning: the following keywords are unknown and will be ignored: [$id, examples]
    level: &quot;warning&quot;
    schema: {&quot;loadingURI&quot;:&quot;file:/D:/wolox/build/resources/test/listadoUsuarioSchema.json#&quot;,&quot;pointer&quot;:&quot;&quot;}
    domain: &quot;syntax&quot;
    ignored: [&quot;$id&quot;,&quot;examples&quot;]
warning: the following keywords are unknown and will be ignored: [$id, examples]
    level: &quot;warning&quot;
    schema: {&quot;loadingURI&quot;:&quot;file:/D:/wolox/build/resources/test/listadoUsuarioSchema.json#&quot;,&quot;pointer&quot;:&quot;/properties/count&quot;}
    domain: &quot;syntax&quot;
    ignored: [&quot;$id&quot;,&quot;examples&quot;]
warning: the following keywords are unknown and will be ignored: [$id, examples]
    level: &quot;warning&quot;
    schema: {&quot;loadingURI&quot;:&quot;file:/D:/wolox/build/resources/test/listadoUsuarioSchema.json#&quot;,&quot;pointer&quot;:&quot;/properties/current_page&quot;}
    domain: &quot;syntax&quot;
    ignored: [&quot;$id&quot;,&quot;examples&quot;]
warning: the following keywords are unknown and will be ignored: [$id, examples]
    level: &quot;warning&quot;
    schema: {&quot;loadingURI&quot;:&quot;file:/D:/wolox/build/resources/test/listadoUsuarioSchema.json#&quot;,&quot;pointer&quot;:&quot;/properties/current_page_link&quot;}
    domain: &quot;syntax&quot;
    ignored: [&quot;$id&quot;,&quot;examples&quot;]
warning: the following keywords are unknown and will be ignored: [$id, examples]
    level: &quot;warning&quot;
    schema: {&quot;loadingURI&quot;:&quot;file:/D:/wolox/build/resources/test/listadoUsuarioSchema.json#&quot;,&quot;pointer&quot;:&quot;/properties/first_page_link&quot;}
    domain: &quot;syntax&quot;
    ignored: [&quot;$id&quot;,&quot;examples&quot;]
warning: the following keywords are unknown and will be ignored: [$id, examples]
    level: &quot;warning&quot;
    schema: {&quot;loadingURI&quot;:&quot;file:/D:/wolox/build/resources/test/listadoUsuarioSchema.json#&quot;,&quot;pointer&quot;:&quot;/properties/last_page_link&quot;}
    domain: &quot;syntax&quot;
    ignored: [&quot;$id&quot;,&quot;examples&quot;]
warning: the following keywords are unknown and will be ignored: [$id, examples]
    level: &quot;warning&quot;
    schema: {&quot;loadingURI&quot;:&quot;file:/D:/wolox/build/resources/test/listadoUsuarioSchema.json#&quot;,&quot;pointer&quot;:&quot;/properties/limit&quot;}
    domain: &quot;syntax&quot;
    ignored: [&quot;$id&quot;,&quot;examples&quot;]
warning: the following keywords are unknown and will be ignored: [$id, examples]
    level: &quot;warning&quot;
    schema: {&quot;loadingURI&quot;:&quot;file:/D:/wolox/build/resources/test/listadoUsuarioSchema.json#&quot;,&quot;pointer&quot;:&quot;/properties/n_page_link&quot;}
    domain: &quot;syntax&quot;
    ignored: [&quot;$id&quot;,&quot;examples&quot;]
warning: the following keywords are unknown and will be ignored: [$id, examples]
    level: &quot;warning&quot;
    schema: {&quot;loadingURI&quot;:&quot;file:/D:/wolox/build/resources/test/listadoUsuarioSchema.json#&quot;,&quot;pointer&quot;:&quot;/properties/next_page&quot;}
    domain: &quot;syntax&quot;
    ignored: [&quot;$id&quot;,&quot;examples&quot;]
warning: the following keywords are unknown and will be ignored: [$id, examples]
    level: &quot;warning&quot;
    schema: {&quot;loadingURI&quot;:&quot;file:/D:/wolox/build/resources/test/listadoUsuarioSchema.json#&quot;,&quot;pointer&quot;:&quot;/properties/next_page_link&quot;}
    domain: &quot;syntax&quot;
    ignored: [&quot;$id&quot;,&quot;examples&quot;]
warning: the following keywords are unknown and will be ignored: [$id, examples]
    level: &quot;warning&quot;
    schema: {&quot;loadingURI&quot;:&quot;file:/D:/wolox/build/resources/test/listadoUsuarioSchema.json#&quot;,&quot;pointer&quot;:&quot;/properties/offset&quot;}
    domain: &quot;syntax&quot;
    ignored: [&quot;$id&quot;,&quot;examples&quot;]
warning: the following keywords are unknown and will be ignored: [$id, examples]
    level: &quot;warning&quot;
    schema: {&quot;loadingURI&quot;:&quot;file:/D:/wolox/build/resources/test/listadoUsuarioSchema.json#&quot;,&quot;pointer&quot;:&quot;/properties/page&quot;}
    domain: &quot;syntax&quot;
    ignored: [&quot;$id&quot;,&quot;examples&quot;]
warning: the following keywords are unknown and will be ignored: [$id]
    level: &quot;warning&quot;
    schema: {&quot;loadingURI&quot;:&quot;file:/D:/wolox/build/resources/test/listadoUsuarioSchema.json#&quot;,&quot;pointer&quot;:&quot;/properties/page/items&quot;}
    domain: &quot;syntax&quot;
    ignored: [&quot;$id&quot;]
warning: the following keywords are unknown and will be ignored: [$id, examples]
    level: &quot;warning&quot;
    schema: {&quot;loadingURI&quot;:&quot;file:/D:/wolox/build/resources/test/listadoUsuarioSchema.json#&quot;,&quot;pointer&quot;:&quot;/properties/page/items/anyOf/0&quot;}
    domain: &quot;syntax&quot;
    ignored: [&quot;$id&quot;,&quot;examples&quot;]
warning: the following keywords are unknown and will be ignored: [$id, examples]
    level: &quot;warning&quot;
    schema: {&quot;loadingURI&quot;:&quot;file:/D:/wolox/build/resources/test/listadoUsuarioSchema.json#&quot;,&quot;pointer&quot;:&quot;/properties/page/items/anyOf/0/properties/email&quot;}
    domain: &quot;syntax&quot;
    ignored: [&quot;$id&quot;,&quot;examples&quot;]
warning: the following keywords are unknown and will be ignored: [$id, examples]
    level: &quot;warning&quot;
    schema: {&quot;loadingURI&quot;:&quot;file:/D:/wolox/build/resources/test/listadoUsuarioSchema.json#&quot;,&quot;pointer&quot;:&quot;/properties/page/items/anyOf/0/properties/first_name&quot;}
    domain: &quot;syntax&quot;
    ignored: [&quot;$id&quot;,&quot;examples&quot;]
warning: the following keywords are unknown and will be ignored: [$id, examples]
    level: &quot;warning&quot;
    schema: {&quot;loadingURI&quot;:&quot;file:/D:/wolox/build/resources/test/listadoUsuarioSchema.json#&quot;,&quot;pointer&quot;:&quot;/properties/page/items/anyOf/0/properties/last_name&quot;}
    domain: &quot;syntax&quot;
    ignored: [&quot;$id&quot;,&quot;examples&quot;]
warning: the following keywords are unknown and will be ignored: [$id, examples]
    level: &quot;warning&quot;
    schema: {&quot;loadingURI&quot;:&quot;file:/D:/wolox/build/resources/test/listadoUsuarioSchema.json#&quot;,&quot;pointer&quot;:&quot;/properties/page/items/anyOf/0/properties/role&quot;}
    domain: &quot;syntax&quot;
    ignored: [&quot;$id&quot;,&quot;examples&quot;]
warning: the following keywords are unknown and will be ignored: [$id, examples]
    level: &quot;warning&quot;
    schema: {&quot;loadingURI&quot;:&quot;file:/D:/wolox/build/resources/test/listadoUsuarioSchema.json#&quot;,&quot;pointer&quot;:&quot;/properties/previous_page&quot;}
    domain: &quot;syntax&quot;
    ignored: [&quot;$id&quot;,&quot;examples&quot;]
warning: the following keywords are unknown and will be ignored: [$id, examples]
    level: &quot;warning&quot;
    schema: {&quot;loadingURI&quot;:&quot;file:/D:/wolox/build/resources/test/listadoUsuarioSchema.json#&quot;,&quot;pointer&quot;:&quot;/properties/previous_page_link&quot;}
    domain: &quot;syntax&quot;
    ignored: [&quot;$id&quot;,&quot;examples&quot;]
warning: the following keywords are unknown and will be ignored: [$id, examples]
    level: &quot;warning&quot;
    schema: {&quot;loadingURI&quot;:&quot;file:/D:/wolox/build/resources/test/listadoUsuarioSchema.json#&quot;,&quot;pointer&quot;:&quot;/properties/total_count&quot;}
    domain: &quot;syntax&quot;
    ignored: [&quot;$id&quot;,&quot;examples&quot;]
warning: the following keywords are unknown and will be ignored: [$id, examples]
    level: &quot;warning&quot;
    schema: {&quot;loadingURI&quot;:&quot;file:/D:/wolox/build/resources/test/listadoUsuarioSchema.json#&quot;,&quot;pointer&quot;:&quot;/properties/total_pages&quot;}
    domain: &quot;syntax&quot;
    ignored: [&quot;$id&quot;,&quot;examples&quot;]
error: object has missing required properties ([&quot;current_page_link&quot;,&quot;first_page_link&quot;,&quot;last_page_link&quot;,&quot;n_page_link&quot;,&quot;next_page_link&quot;,&quot;previous_page_link&quot;])
    level: &quot;error&quot;
    schema: {&quot;loadingURI&quot;:&quot;file:/D:/wolox/build/resources/test/listadoUsuarioSchema.json#&quot;,&quot;pointer&quot;:&quot;&quot;}
    instance: {&quot;pointer&quot;:&quot;&quot;}
    domain: &quot;validation&quot;
    keyword: &quot;required&quot;
    required: [&quot;count&quot;,&quot;current_page&quot;,&quot;current_page_link&quot;,&quot;first_page_link&quot;,&quot;last_page_link&quot;,&quot;limit&quot;,&quot;n_page_link&quot;,&quot;next_page&quot;,&quot;next_page_link&quot;,&quot;offset&quot;,&quot;page&quot;,&quot;previous_page&quot;,&quot;previous_page_link&quot;,&quot;total_count&quot;,&quot;total_pages&quot;]
    missing: [&quot;current_page_link&quot;,&quot;first_page_link&quot;,&quot;last_page_link&quot;,&quot;n_page_link&quot;,&quot;next_page_link&quot;,&quot;previous_page_link&quot;]

  Actual: {&quot;total_count&quot;:276,&quot;count&quot;:10,&quot;total_pages&quot;:28,&quot;limit&quot;:10,&quot;offset&quot;:0,&quot;current_page&quot;:1,&quot;page&quot;:[{&quot;first_name&quot;:&quot;Hernan&quot;,&quot;last_name&quot;:&quot;Garcia98&quot;,&quot;email&quot;:&quot;hernan003@wolox.com.ar&quot;,&quot;role&quot;:&quot;regular&quot;},{&quot;first_name&quot;:&quot;Hernan&quot;,&quot;last_name&quot;:&quot;Garcia&quot;,&quot;email&quot;:&quot;hernan000@wolox.com.ar&quot;,&quot;role&quot;:&quot;regular&quot;},{&quot;first_name&quot;:&quot;Ricardo&quot;,&quot;last_name&quot;:&quot;Pantoja&quot;,&quot;email&quot;:&quot;emilia.nava@wolox.com.ar&quot;,&quot;role&quot;:&quot;regular&quot;},{&quot;first_name&quot;:&quot;Hernan&quot;,&quot;last_name&quot;:&quot;Garcia&quot;,&quot;email&quot;:&quot;h6@wolox.com.ar&quot;,&quot;role&quot;:&quot;regular&quot;},{&quot;first_name&quot;:&quot;5&quot;,&quot;last_name&quot;:&quot;4&quot;,&quot;email&quot;:&quot;alfredo.cedillo@wolox.com.ar&quot;,&quot;role&quot;:&quot;regular&quot;},{&quot;first_name&quot;:&quot;Tomás&quot;,&quot;last_name&quot;:&quot;Griego&quot;,&quot;email&quot;:&quot;mayte.aguilera@wolox.com.ar&quot;,&quot;role&quot;:&quot;regular&quot;},{&quot;first_name&quot;:&quot;Jose Antonio&quot;,&quot;last_name&quot;:&quot;Bermudez&quot;,&quot;email&quot;:&quot;jose.beruda@wolox.com.ar&quot;,&quot;role&quot;:&quot;regular&quot;},{&quot;first_name&quot;:&quot;Juan&quot;,&quot;last_name&quot;:&quot;Perez&quot;,&quot;email&quot;:&quot;jperez@wolox.com.ar&quot;,&quot;role&quot;:&quot;regular&quot;},{&quot;first_name&quot;:&quot;Hernan&quot;,&quot;last_name&quot;:&quot;Garcia&quot;,&quot;email&quot;:&quot;h7@wolox.com.ar&quot;,&quot;role&quot;:&quot;regular&quot;},{&quot;first_name&quot;:&quot;1&quot;,&quot;last_name&quot;:&quot;4&quot;,&quot;email&quot;:&quot;miguel.contreras@wolox.com.ar&quot;,&quot;role&quot;:&quot;regular&quot;}],&quot;previous_page&quot;:null,&quot;next_page&quot;:2}

	at net.serenitybdd.screenplay.ErrorTally.throwSummaryExceptionFrom(ErrorTally.java:36)
	at net.serenitybdd.screenplay.ErrorTally.reportAnyErrors(ErrorTally.java:30)
	at net.serenitybdd.screenplay.Actor.should(Actor.java:316)
	at com.prueba.stepdefinitions.ComunStepDefinition.validoElEsquemaDelResponseConElEsquemaEsquema(ComunStepDefinition.java:32)
	at ✽.valido el esquema del response con el esquema &quot;listadoUsuarioSchema.json&quot;(file:///D:/wolox/src/test/resources/com/prueba/features/listadoUsuario.feature:26)
</failure>
  </testcase>
  <testcase name="validar response y paginacon  como usuario administrador" classname="Validar endpoint de listado de usuarios" time="14.188">
    <failure message="java.lang.AssertionError: El servicio retorno los usurarios de manera incorrecta" type="java.lang.AssertionError">java.lang.AssertionError: El servicio retorno los usurarios de manera incorrecta
	at org.hamcrest.MatcherAssert.assertThat(MatcherAssert.java:26)
	at com.prueba.stepdefinitions.ListaUsuariosStepDefinition.seValidaQueElResponseSeaCorrecto(ListaUsuariosStepDefinition.java:34)
	at ✽.se valida que el response sea correcto(file:///D:/wolox/src/test/resources/com/prueba/features/listadoUsuario.feature:39)
</failure>
  </testcase>
  <testcase name="validar response y paginacon  como usuario regular" classname="Validar endpoint de listado de usuarios" time="14.199"/>
  <system-out><![CDATA[Feature from file:///D:/wolox/src/test/resources/com/prueba/features/listadoUsuario.feature
Step argument class io.cucumber.core.gherkin.vintage.GherkinVintageDataTableArgument
Feature from file:///D:/wolox/src/test/resources/com/prueba/features/listadoUsuario.feature
Step argument class io.cucumber.core.gherkin.vintage.GherkinVintageDataTableArgument
Feature from file:///D:/wolox/src/test/resources/com/prueba/features/listadoUsuario.feature
Step argument class io.cucumber.core.gherkin.vintage.GherkinVintageDataTableArgument
Feature from file:///D:/wolox/src/test/resources/com/prueba/features/listadoUsuario.feature
Step argument class io.cucumber.core.gherkin.vintage.GherkinVintageDataTableArgument
Feature from file:///D:/wolox/src/test/resources/com/prueba/features/listadoUsuario.feature
Step argument class io.cucumber.core.gherkin.vintage.GherkinVintageDataTableArgument
Feature from file:///D:/wolox/src/test/resources/com/prueba/features/listadoUsuario.feature
Step argument class io.cucumber.core.gherkin.vintage.GherkinVintageDataTableArgument
]]></system-out>
  <system-err><![CDATA[[Test worker] INFO  - 
 _____ _____ ____ _____   ____ _____  _    ____ _____ _____ ____  
|_   _| ____/ ___|_   _| / ___|_   _|/ \  |  _ \_   _| ____|  _ \ 
  | | |  _| \___ \ | |   \___ \ | | / _ \ | |_) || | |  _| | | | |
  | | | |___ ___) || |    ___) || |/ ___ \|  _ < | | | |___| |_| |
  |_| |_____|____/ |_|   |____/ |_/_/   \_\_| \_\|_| |_____|____/ 

consultar lista de usuarios como <nombreEscenario> correctmante(validar-endpoint-de-listado-de-usuarios;consultar-lista-de-usuarios-como-<nombreescenario>-correctmante)
-------------------------------------------------------------------
[Test worker] INFO  - 
        __    _____ _____ ____ _____   ____   _    ____  ____  _____ ____  
  _     \ \  |_   _| ____/ ___|_   _| |  _ \ / \  / ___|/ ___|| ____|  _ \ 
 (_)_____| |   | | |  _| \___ \ | |   | |_) / _ \ \___ \\___ \|  _| | | | |
  _|_____| |   | | | |___ ___) || |   |  __/ ___ \ ___) |___) | |___| |_| |
 (_)     | |   |_| |_____|____/ |_|   |_| /_/   \_\____/|____/|_____|____/ 
        /_/                                                                

consultar lista de usuarios como <nombreEscenario> correctmante
----------------------------------------------------------------------------
[Test worker] INFO  - 
        __    _____ _____ ____ _____   ____   _    ____  ____  _____ ____  
  _     \ \  |_   _| ____/ ___|_   _| |  _ \ / \  / ___|/ ___|| ____|  _ \ 
 (_)_____| |   | | |  _| \___ \ | |   | |_) / _ \ \___ \\___ \|  _| | | | |
  _|_____| |   | | | |___ ___) || |   |  __/ ___ \ ___) |___) | |___| |_| |
 (_)     | |   |_| |_____|____/ |_|   |_| /_/   \_\____/|____/|_____|____/ 
        /_/                                                                

consultar lista de usuarios como <nombreEscenario> correctmante
----------------------------------------------------------------------------
[Test worker] INFO  - 
 _____ _____ ____ _____   ____ _____  _    ____ _____ _____ ____  
|_   _| ____/ ___|_   _| / ___|_   _|/ \  |  _ \_   _| ____|  _ \ 
  | | |  _| \___ \ | |   \___ \ | | / _ \ | |_) || | |  _| | | | |
  | | | |___ ___) || |    ___) || |/ ___ \|  _ < | | | |___| |_| |
  |_| |_____|____/ |_|   |____/ |_/_/   \_\_| \_\|_| |_____|____/ 

validar el esquema de la respuesta del servicio(validar-endpoint-de-listado-de-usuarios;validar-el-esquema-de-la-respuesta-del-servicio)
-------------------------------------------------------------------
[Test worker] ERROR  - 
           __  _____ _____ ____ _____   _____ _    ___ _     _____ ____  
  _       / / |_   _| ____/ ___|_   _| |  ___/ \  |_ _| |   | ____|  _ \ 
 (_)_____| |    | | |  _| \___ \ | |   | |_ / _ \  | || |   |  _| | | | |
  _|_____| |    | | | |___ ___) || |   |  _/ ___ \ | || |___| |___| |_| |
 (_)     | |    |_| |_____|____/ |_|   |_|/_/   \_\___|_____|_____|____/ 
          \_\                                                            

validar el esquema de la respuesta del servicio
--------------------------------------------------------------------------
[Test worker] ERROR  -     Test failed at step: A valid response is returned
[Test worker] ERROR  -     1 expectation failed.Response body doesn't match expectation.Expected: The content to match the given JSON schema.warning: the following keywords are unknown and will be ignored: [$id, examples]    level: "warning"    schema: {"loadingURI":"file:/D:/wolox/build/resources/test/listadoUsuarioSchema.json#","pointer":""}    domain: "syntax"    ignored: ["$id","examples"]warning: the following keywords are unknown and will be ignored: [$id, examples]    level: "warning"    schema: {"loadingURI":"file:/D:/wolox/build/resources/test/listadoUsuarioSchema.json#","pointer":"/properties/count"}    domain: "syntax"    ignored: ["$id","examples"]warning: the following keywords are unknown and will be ignored: [$id, examples]    level: "warning"    schema: {"loadingURI":"file:/D:/wolox/build/resources/test/listadoUsuarioSchema.json#","pointer":"/properties/current_page"}    domain: "syntax"    ignored: ["$id","examples"]warning: the following keywords are unknown and will be ignored: [$id, examples]    level: "warning"    schema: {"loadingURI":"file:/D:/wolox/build/resources/test/listadoUsuarioSchema.json#","pointer":"/properties/current_page_link"}    domain: "syntax"    ignored: ["$id","examples"]warning: the following keywords are unknown and will be ignored: [$id, examples]    level: "warning"    schema: {"loadingURI":"file:/D:/wolox/build/resources/test/listadoUsuarioSchema.json#","pointer":"/properties/first_page_link"}    domain: "syntax"    ignored: ["$id","examples"]warning: the following keywords are unknown and will be ignored: [$id, examples]    level: "warning"    schema: {"loadingURI":"file:/D:/wolox/build/resources/test/listadoUsuarioSchema.json#","pointer":"/properties/last_page_link"}    domain: "syntax"    ignored: ["$id","examples"]warning: the following keywords are unknown and will be ignored: [$id, examples]    level: "warning"    schema: {"loadingURI":"file:/D:/wolox/build/resources/test/listadoUsuarioSchema.json#","pointer":"/properties/limit"}    domain: "syntax"    ignored: ["$id","examples"]warning: the following keywords are unknown and will be ignored: [$id, examples]    level: "warning"    schema: {"loadingURI":"file:/D:/wolox/build/resources/test/listadoUsuarioSchema.json#","pointer":"/properties_page_link"}    domain: "syntax"    ignored: ["$id","examples"]warning: the following keywords are unknown and will be ignored: [$id, examples]    level: "warning"    schema: {"loadingURI":"file:/D:/wolox/build/resources/test/listadoUsuarioSchema.json#","pointer":"/propertiesext_page"}    domain: "syntax"    ignored: ["$id","examples"]warning: the following keywords are unknown and will be ignored: [$id, examples]    level: "warning"    schema: {"loadingURI":"file:/D:/wolox/build/resources/test/listadoUsuarioSchema.json#","pointer":"/propertiesext_page_link"}    domain: "syntax"    ignored: ["$id","examples"]warning: the following keywords are unknown and will be ignored: [$id, examples]    level: "warning"    schema: {"loadingURI":"file:/D:/wolox/build/resources/test/listadoUsuarioSchema.json#","pointer":"/properties/offset"}    domain: "syntax"    ignored: ["$id","examples"]warning: the following keywords are unknown and will be ignored: [$id, examples]    level: "warning"    schema: {"loadingURI":"file:/D:/wolox/build/resources/test/listadoUsuarioSchema.json#","pointer":"/properties/page"}    domain: "syntax"    ignored: ["$id","examples"]warning: the following keywords are unknown and will be ignored: [$id]    level: "warning"    schema: {"loadingURI":"file:/D:/wolox/build/resources/test/listadoUsuarioSchema.json#","pointer":"/properties/page/items"}    domain: "syntax"    ignored: ["$id"]warning: the following keywords are unknown and will be ignored: [$id, examples]    level: "warning"    schema: {"loadingURI":"file:/D:/wolox/build/resources/test/listadoUsuarioSchema.json#","pointer":"/properties/page/items/anyOf/0"}    domain: "syntax"    ignored: ["$id","examples"]warning: the following keywords are unknown and will be ignored: [$id, examples]    level: "warning"    schema: {"loadingURI":"file:/D:/wolox/build/resources/test/listadoUsuarioSchema.json#","pointer":"/properties/page/items/anyOf/0/properties/email"}    domain: "syntax"    ignored: ["$id","examples"]warning: the following keywords are unknown and will be ignored: [$id, examples]    level: "warning"    schema: {"loadingURI":"file:/D:/wolox/build/resources/test/listadoUsuarioSchema.json#","pointer":"/properties/page/items/anyOf/0/properties/first_name"}    domain: "syntax"    ignored: ["$id","examples"]warning: the following keywords are unknown and will be ignored: [$id, examples]    level: "warning"    schema: {"loadingURI":"file:/D:/wolox/build/resources/test/listadoUsuarioSchema.json#","pointer":"/properties/page/items/anyOf/0/properties/last_name"}    domain: "syntax"    ignored: ["$id","examples"]warning: the following keywords are unknown and will be ignored: [$id, examples]    level: "warning"    schema: {"loadingURI":"file:/D:/wolox/build/resources/test/listadoUsuarioSchema.json#","pointer":"/properties/page/items/anyOf/0/properties/role"}    domain: "syntax"    ignored: ["$id","examples"]warning: the following keywords are unknown and will be ignored: [$id, examples]    level: "warning"    schema: {"loadingURI":"file:/D:/wolox/build/resources/test/listadoUsuarioSchema.json#","pointer":"/properties/previous_page"}    domain: "syntax"    ignored: ["$id","examples"]warning: the following keywords are unknown and will be ignored: [$id, examples]    level: "warning"    schema: {"loadingURI":"file:/D:/wolox/build/resources/test/listadoUsuarioSchema.json#","pointer":"/properties/previous_page_link"}    domain: "syntax"    ignored: ["$id","examples"]warning: the following keywords are unknown and will be ignored: [$id, examples]    level: "warning"    schema: {"loadingURI":"file:/D:/wolox/build/resources/test/listadoUsuarioSchema.json#","pointer":"/properties/total_count"}    domain: "syntax"    ignored: ["$id","examples"]warning: the following keywords are unknown and will be ignored: [$id, examples]    level: "warning"    schema: {"loadingURI":"file:/D:/wolox/build/resources/test/listadoUsuarioSchema.json#","pointer":"/properties/total_pages"}    domain: "syntax"    ignored: ["$id","examples"]error: object has missing required properties (["current_page_link","first_page_link","last_page_link","n_page_link","next_page_link","previous_page_link"])    level: "error"    schema: {"loadingURI":"file:/D:/wolox/build/resources/test/listadoUsuarioSchema.json#","pointer":""}    instance: {"pointer":""}    domain: "validation"    keyword: "required"    required: ["count","current_page","current_page_link","first_page_link","last_page_link","limit","n_page_link","next_page","next_page_link","offset","page","previous_page","previous_page_link","total_count","total_pages"]    missing: ["current_page_link","first_page_link","last_page_link","n_page_link","next_page_link","previous_page_link"]  Actual: {"total_count":277,"count":10,"total_pages":28,"limit":10,"offset":0,"current_page":1,"page":[{"first_name":"Hernan","last_name":"Garcia98","email":"hernan003@wolox.com.ar","role":"regular"},{"first_name":"Hernan","last_name":"Garcia","email":"hernan000@wolox.com.ar","role":"regular"},{"first_name":"Ricardo","last_name":"Pantoja","email":"emilia.nava@wolox.com.ar","role":"regular"},{"first_name":"Hernan","last_name":"Garcia","email":"h6@wolox.com.ar","role":"regular"},{"first_name":"5","last_name":"4","email":"alfredo.cedillo@wolox.com.ar","role":"regular"},{"first_name":"Tomás","last_name":"Griego","email":"mayte.aguilera@wolox.com.ar","role":"regular"},{"first_name":"Jose Antonio","last_name":"Bermudez","email":"jose.beruda@wolox.com.ar","role":"regular"},{"first_name":"Juan","last_name":"Perez","email":"jperez@wolox.com.ar","role":"regular"},{"first_name":"Hernan","last_name":"Garcia","email":"h7@wolox.com.ar","role":"regular"},{"first_name":"1","last_name":"4","email":"miguel.contreras@wolox.com.ar","role":"regular"}],"previous_page":null,"next_page":2}
[Test worker] ERROR  - 
           __  _____ _____ ____ _____   _____ _    ___ _     _____ ____  
  _       / / |_   _| ____/ ___|_   _| |  ___/ \  |_ _| |   | ____|  _ \ 
 (_)_____| |    | | |  _| \___ \ | |   | |_ / _ \  | || |   |  _| | | | |
  _|_____| |    | | | |___ ___) || |   |  _/ ___ \ | || |___| |___| |_| |
 (_)     | |    |_| |_____|____/ |_|   |_|/_/   \_\___|_____|_____|____/ 
          \_\                                                            

validar el esquema de la respuesta del servicio
--------------------------------------------------------------------------
[Test worker] ERROR  -     Test failed at step: A valid response is returned
[Test worker] ERROR  -     1 expectation failed.Response body doesn't match expectation.Expected: The content to match the given JSON schema.warning: the following keywords are unknown and will be ignored: [$id, examples]    level: "warning"    schema: {"loadingURI":"file:/D:/wolox/build/resources/test/listadoUsuarioSchema.json#","pointer":""}    domain: "syntax"    ignored: ["$id","examples"]warning: the following keywords are unknown and will be ignored: [$id, examples]    level: "warning"    schema: {"loadingURI":"file:/D:/wolox/build/resources/test/listadoUsuarioSchema.json#","pointer":"/properties/count"}    domain: "syntax"    ignored: ["$id","examples"]warning: the following keywords are unknown and will be ignored: [$id, examples]    level: "warning"    schema: {"loadingURI":"file:/D:/wolox/build/resources/test/listadoUsuarioSchema.json#","pointer":"/properties/current_page"}    domain: "syntax"    ignored: ["$id","examples"]warning: the following keywords are unknown and will be ignored: [$id, examples]    level: "warning"    schema: {"loadingURI":"file:/D:/wolox/build/resources/test/listadoUsuarioSchema.json#","pointer":"/properties/current_page_link"}    domain: "syntax"    ignored: ["$id","examples"]warning: the following keywords are unknown and will be ignored: [$id, examples]    level: "warning"    schema: {"loadingURI":"file:/D:/wolox/build/resources/test/listadoUsuarioSchema.json#","pointer":"/properties/first_page_link"}    domain: "syntax"    ignored: ["$id","examples"]warning: the following keywords are unknown and will be ignored: [$id, examples]    level: "warning"    schema: {"loadingURI":"file:/D:/wolox/build/resources/test/listadoUsuarioSchema.json#","pointer":"/properties/last_page_link"}    domain: "syntax"    ignored: ["$id","examples"]warning: the following keywords are unknown and will be ignored: [$id, examples]    level: "warning"    schema: {"loadingURI":"file:/D:/wolox/build/resources/test/listadoUsuarioSchema.json#","pointer":"/properties/limit"}    domain: "syntax"    ignored: ["$id","examples"]warning: the following keywords are unknown and will be ignored: [$id, examples]    level: "warning"    schema: {"loadingURI":"file:/D:/wolox/build/resources/test/listadoUsuarioSchema.json#","pointer":"/properties_page_link"}    domain: "syntax"    ignored: ["$id","examples"]warning: the following keywords are unknown and will be ignored: [$id, examples]    level: "warning"    schema: {"loadingURI":"file:/D:/wolox/build/resources/test/listadoUsuarioSchema.json#","pointer":"/propertiesext_page"}    domain: "syntax"    ignored: ["$id","examples"]warning: the following keywords are unknown and will be ignored: [$id, examples]    level: "warning"    schema: {"loadingURI":"file:/D:/wolox/build/resources/test/listadoUsuarioSchema.json#","pointer":"/propertiesext_page_link"}    domain: "syntax"    ignored: ["$id","examples"]warning: the following keywords are unknown and will be ignored: [$id, examples]    level: "warning"    schema: {"loadingURI":"file:/D:/wolox/build/resources/test/listadoUsuarioSchema.json#","pointer":"/properties/offset"}    domain: "syntax"    ignored: ["$id","examples"]warning: the following keywords are unknown and will be ignored: [$id, examples]    level: "warning"    schema: {"loadingURI":"file:/D:/wolox/build/resources/test/listadoUsuarioSchema.json#","pointer":"/properties/page"}    domain: "syntax"    ignored: ["$id","examples"]warning: the following keywords are unknown and will be ignored: [$id]    level: "warning"    schema: {"loadingURI":"file:/D:/wolox/build/resources/test/listadoUsuarioSchema.json#","pointer":"/properties/page/items"}    domain: "syntax"    ignored: ["$id"]warning: the following keywords are unknown and will be ignored: [$id, examples]    level: "warning"    schema: {"loadingURI":"file:/D:/wolox/build/resources/test/listadoUsuarioSchema.json#","pointer":"/properties/page/items/anyOf/0"}    domain: "syntax"    ignored: ["$id","examples"]warning: the following keywords are unknown and will be ignored: [$id, examples]    level: "warning"    schema: {"loadingURI":"file:/D:/wolox/build/resources/test/listadoUsuarioSchema.json#","pointer":"/properties/page/items/anyOf/0/properties/email"}    domain: "syntax"    ignored: ["$id","examples"]warning: the following keywords are unknown and will be ignored: [$id, examples]    level: "warning"    schema: {"loadingURI":"file:/D:/wolox/build/resources/test/listadoUsuarioSchema.json#","pointer":"/properties/page/items/anyOf/0/properties/first_name"}    domain: "syntax"    ignored: ["$id","examples"]warning: the following keywords are unknown and will be ignored: [$id, examples]    level: "warning"    schema: {"loadingURI":"file:/D:/wolox/build/resources/test/listadoUsuarioSchema.json#","pointer":"/properties/page/items/anyOf/0/properties/last_name"}    domain: "syntax"    ignored: ["$id","examples"]warning: the following keywords are unknown and will be ignored: [$id, examples]    level: "warning"    schema: {"loadingURI":"file:/D:/wolox/build/resources/test/listadoUsuarioSchema.json#","pointer":"/properties/page/items/anyOf/0/properties/role"}    domain: "syntax"    ignored: ["$id","examples"]warning: the following keywords are unknown and will be ignored: [$id, examples]    level: "warning"    schema: {"loadingURI":"file:/D:/wolox/build/resources/test/listadoUsuarioSchema.json#","pointer":"/properties/previous_page"}    domain: "syntax"    ignored: ["$id","examples"]warning: the following keywords are unknown and will be ignored: [$id, examples]    level: "warning"    schema: {"loadingURI":"file:/D:/wolox/build/resources/test/listadoUsuarioSchema.json#","pointer":"/properties/previous_page_link"}    domain: "syntax"    ignored: ["$id","examples"]warning: the following keywords are unknown and will be ignored: [$id, examples]    level: "warning"    schema: {"loadingURI":"file:/D:/wolox/build/resources/test/listadoUsuarioSchema.json#","pointer":"/properties/total_count"}    domain: "syntax"    ignored: ["$id","examples"]warning: the following keywords are unknown and will be ignored: [$id, examples]    level: "warning"    schema: {"loadingURI":"file:/D:/wolox/build/resources/test/listadoUsuarioSchema.json#","pointer":"/properties/total_pages"}    domain: "syntax"    ignored: ["$id","examples"]error: object has missing required properties (["current_page_link","first_page_link","last_page_link","n_page_link","next_page_link","previous_page_link"])    level: "error"    schema: {"loadingURI":"file:/D:/wolox/build/resources/test/listadoUsuarioSchema.json#","pointer":""}    instance: {"pointer":""}    domain: "validation"    keyword: "required"    required: ["count","current_page","current_page_link","first_page_link","last_page_link","limit","n_page_link","next_page","next_page_link","offset","page","previous_page","previous_page_link","total_count","total_pages"]    missing: ["current_page_link","first_page_link","last_page_link","n_page_link","next_page_link","previous_page_link"]  Actual: {"total_count":277,"count":10,"total_pages":28,"limit":10,"offset":0,"current_page":1,"page":[{"first_name":"Hernan","last_name":"Garcia98","email":"hernan003@wolox.com.ar","role":"regular"},{"first_name":"Hernan","last_name":"Garcia","email":"hernan000@wolox.com.ar","role":"regular"},{"first_name":"Ricardo","last_name":"Pantoja","email":"emilia.nava@wolox.com.ar","role":"regular"},{"first_name":"Hernan","last_name":"Garcia","email":"h6@wolox.com.ar","role":"regular"},{"first_name":"5","last_name":"4","email":"alfredo.cedillo@wolox.com.ar","role":"regular"},{"first_name":"Tomás","last_name":"Griego","email":"mayte.aguilera@wolox.com.ar","role":"regular"},{"first_name":"Jose Antonio","last_name":"Bermudez","email":"jose.beruda@wolox.com.ar","role":"regular"},{"first_name":"Juan","last_name":"Perez","email":"jperez@wolox.com.ar","role":"regular"},{"first_name":"Hernan","last_name":"Garcia","email":"h7@wolox.com.ar","role":"regular"},{"first_name":"1","last_name":"4","email":"miguel.contreras@wolox.com.ar","role":"regular"}],"previous_page":null,"next_page":2}
[Test worker] INFO  - 
 _____ _____ ____ _____   ____ _____  _    ____ _____ _____ ____  
|_   _| ____/ ___|_   _| / ___|_   _|/ \  |  _ \_   _| ____|  _ \ 
  | | |  _| \___ \ | |   \___ \ | | / _ \ | |_) || | |  _| | | | |
  | | | |___ ___) || |    ___) || |/ ___ \|  _ < | | | |___| |_| |
  |_| |_____|____/ |_|   |____/ |_/_/   \_\_| \_\|_| |_____|____/ 

validar response y paginacon  como <nombreEscenario>(validar-endpoint-de-listado-de-usuarios;validar-response-y-paginacon--como-<nombreescenario>)
-------------------------------------------------------------------
[Test worker] ERROR  - 
           __  _____ _____ ____ _____   _____ _    ___ _     _____ ____  
  _       / / |_   _| ____/ ___|_   _| |  ___/ \  |_ _| |   | ____|  _ \ 
 (_)_____| |    | | |  _| \___ \ | |   | |_ / _ \  | || |   |  _| | | | |
  _|_____| |    | | | |___ ___) || |   |  _/ ___ \ | || |___| |___| |_| |
 (_)     | |    |_| |_____|____/ |_|   |_|/_/   \_\___|_____|_____|____/ 
          \_\                                                            

validar response y paginacon  como <nombreEscenario>
--------------------------------------------------------------------------
[Test worker] ERROR  -     Test failed at step: Entonces se valida que el response sea correcto
[Test worker] ERROR  -     El servicio retorno los usurarios de manera incorrecta
[Test worker] ERROR  - 
           __  _____ _____ ____ _____   _____ _    ___ _     _____ ____  
  _       / / |_   _| ____/ ___|_   _| |  ___/ \  |_ _| |   | ____|  _ \ 
 (_)_____| |    | | |  _| \___ \ | |   | |_ / _ \  | || |   |  _| | | | |
  _|_____| |    | | | |___ ___) || |   |  _/ ___ \ | || |___| |___| |_| |
 (_)     | |    |_| |_____|____/ |_|   |_|/_/   \_\___|_____|_____|____/ 
          \_\                                                            

validar response y paginacon  como <nombreEscenario>
--------------------------------------------------------------------------
[Test worker] ERROR  -     Test failed at step: Entonces se valida que el response sea correcto
[Test worker] ERROR  -     El servicio retorno los usurarios de manera incorrecta
]]></system-err>
</testsuite>
