<?xml version="1.0" encoding="UTF-8"?>
<testsuite name="com.prueba.runners.InvalidarUsuarioRunner" tests="0" skipped="0" failures="0" errors="0" timestamp="1970-01-01T00:00:00" hostname="DESKTOP-I0C78UK" time="0.0">
  <properties/>
  <system-out><![CDATA[Feature from file:///D:/wolox/src/test/resources/com/prueba/features/invalidarSesion.feature

?[31mFailed scenarios:?[0m
?[31mfile:///D:/wolox/src/test/resources/com/prueba/features/invalidarSesion.feature:20?[0m# invalidar otros usuarios como usuario regular

2 Scenarios (?[31m1 failed?[0m, ?[32m1 passed?[0m)
8 Steps (?[31m1 failed?[0m, ?[32m7 passed?[0m)
0m2.454s


java.lang.AssertionError: 1 expectation failed.
Expected status code <422> but was <200>.

	at net.serenitybdd.screenplay.ErrorTally.throwSummaryExceptionFrom(ErrorTally.java:36)
	at net.serenitybdd.screenplay.ErrorTally.reportAnyErrors(ErrorTally.java:30)
	at net.serenitybdd.screenplay.Actor.should(Actor.java:316)
	at com.prueba.stepdefinitions.ComunStepDefinition.seValidaQueLaRespuestaContengaElYElCodigo(ComunStepDefinition.java:43)
	at âœ½.se valida que la respuesta contenga el "" y el 422(file:///D:/wolox/src/test/resources/com/prueba/features/invalidarSesion.feature:16)


]]></system-out>
  <system-err><![CDATA[[Test worker] WARN io.cucumber.junit.CucumberSerenityRunner - By default Cucumber is running in --non-strict mode.
This default will change to --strict and --non-strict will be removed.
You can use --strict or @CucumberOptions(strict = true) to suppress this warning
[Test worker] INFO  - Test Suite Started: Validar endpoint de invalidar sesion
]]></system-err>
</testsuite>
