<?xml version="1.0" encoding="UTF-8"?>
<testsuite name="com.prueba.runners.AlbumesRunner" tests="0" skipped="0" failures="0" errors="0" timestamp="1970-01-01T00:00:00" hostname="DESKTOP-I0C78UK" time="0.0">
  <properties/>
  <system-out><![CDATA[Feature from file:///D:/wolox/src/test/resources/com/prueba/features/albumes.feature

6 Scenarios (?[32m6 passed?[0m)
24 Steps (?[32m24 passed?[0m)
0m7.227s


]]></system-out>
  <system-err><![CDATA[[Test worker] WARN io.cucumber.junit.CucumberSerenityRunner - By default Cucumber is running in --non-strict mode.
This default will change to --strict and --non-strict will be removed.
You can use --strict or @CucumberOptions(strict = true) to suppress this warning
[Test worker] INFO  - Test Suite Started: Validar endpoint de albumes
]]></system-err>
</testsuite>
