<?xml version="1.0" encoding="UTF-8"?>
<testsuite name="Validar endpoint de compra de albumes" tests="4" skipped="0" failures="0" errors="0" timestamp="2021-04-04T15:17:01" hostname="DESKTOP-I0C78UK" time="5.36">
  <properties/>
  <testcase name="realizar compra de un album" classname="Validar endpoint de compra de albumes" time="1.325"/>
  <testcase name="realizar compra de un album" classname="Validar endpoint de compra de albumes" time="1.127"/>
  <testcase name="realizar compra de un album que no existe" classname="Validar endpoint de compra de albumes" time="1.177"/>
  <testcase name="realizar compra de un album que no existe" classname="Validar endpoint de compra de albumes" time="1.73"/>
  <system-out><![CDATA[Feature from file:///D:/wolox/src/test/resources/com/prueba/features/comprarAlbum.feature
Step argument class io.cucumber.core.gherkin.vintage.GherkinVintageDataTableArgument
Este usuario ya compro este album
Feature from file:///D:/wolox/src/test/resources/com/prueba/features/comprarAlbum.feature
Step argument class io.cucumber.core.gherkin.vintage.GherkinVintageDataTableArgument
Este usuario ya compro este album
Feature from file:///D:/wolox/src/test/resources/com/prueba/features/comprarAlbum.feature
Step argument class io.cucumber.core.gherkin.vintage.GherkinVintageDataTableArgument
Feature from file:///D:/wolox/src/test/resources/com/prueba/features/comprarAlbum.feature
Step argument class io.cucumber.core.gherkin.vintage.GherkinVintageDataTableArgument
]]></system-out>
  <system-err><![CDATA[[Test worker] INFO  - 
 _____ _____ ____ _____   ____ _____  _    ____ _____ _____ ____  
|_   _| ____/ ___|_   _| / ___|_   _|/ \  |  _ \_   _| ____|  _ \ 
  | | |  _| \___ \ | |   \___ \ | | / _ \ | |_) || | |  _| | | | |
  | | | |___ ___) || |    ___) || |/ ___ \|  _ < | | | |___| |_| |
  |_| |_____|____/ |_|   |____/ |_/_/   \_\_| \_\|_| |_____|____/ 

realizar compra de un album(validar-endpoint-de-compra-de-albumes;realizar-compra-de-un-album)
-------------------------------------------------------------------
[Test worker] INFO  - 
        __    _____ _____ ____ _____   ____   _    ____  ____  _____ ____  
  _     \ \  |_   _| ____/ ___|_   _| |  _ \ / \  / ___|/ ___|| ____|  _ \ 
 (_)_____| |   | | |  _| \___ \ | |   | |_) / _ \ \___ \\___ \|  _| | | | |
  _|_____| |   | | | |___ ___) || |   |  __/ ___ \ ___) |___) | |___| |_| |
 (_)     | |   |_| |_____|____/ |_|   |_| /_/   \_\____/|____/|_____|____/ 
        /_/                                                                

realizar compra de un album
----------------------------------------------------------------------------
[Test worker] INFO  - 
        __    _____ _____ ____ _____   ____   _    ____  ____  _____ ____  
  _     \ \  |_   _| ____/ ___|_   _| |  _ \ / \  / ___|/ ___|| ____|  _ \ 
 (_)_____| |   | | |  _| \___ \ | |   | |_) / _ \ \___ \\___ \|  _| | | | |
  _|_____| |   | | | |___ ___) || |   |  __/ ___ \ ___) |___) | |___| |_| |
 (_)     | |   |_| |_____|____/ |_|   |_| /_/   \_\____/|____/|_____|____/ 
        /_/                                                                

realizar compra de un album
----------------------------------------------------------------------------
[Test worker] INFO  - 
 _____ _____ ____ _____   ____ _____  _    ____ _____ _____ ____  
|_   _| ____/ ___|_   _| / ___|_   _|/ \  |  _ \_   _| ____|  _ \ 
  | | |  _| \___ \ | |   \___ \ | | / _ \ | |_) || | |  _| | | | |
  | | | |___ ___) || |    ___) || |/ ___ \|  _ < | | | |___| |_| |
  |_| |_____|____/ |_|   |____/ |_/_/   \_\_| \_\|_| |_____|____/ 

realizar compra de un album que no existe(validar-endpoint-de-compra-de-albumes;realizar-compra-de-un-album-que-no-existe)
-------------------------------------------------------------------
[Test worker] INFO  - 
        __    _____ _____ ____ _____   ____   _    ____  ____  _____ ____  
  _     \ \  |_   _| ____/ ___|_   _| |  _ \ / \  / ___|/ ___|| ____|  _ \ 
 (_)_____| |   | | |  _| \___ \ | |   | |_) / _ \ \___ \\___ \|  _| | | | |
  _|_____| |   | | | |___ ___) || |   |  __/ ___ \ ___) |___) | |___| |_| |
 (_)     | |   |_| |_____|____/ |_|   |_| /_/   \_\____/|____/|_____|____/ 
        /_/                                                                

realizar compra de un album que no existe
----------------------------------------------------------------------------
[Test worker] INFO  - 
        __    _____ _____ ____ _____   ____   _    ____  ____  _____ ____  
  _     \ \  |_   _| ____/ ___|_   _| |  _ \ / \  / ___|/ ___|| ____|  _ \ 
 (_)_____| |   | | |  _| \___ \ | |   | |_) / _ \ \___ \\___ \|  _| | | | |
  _|_____| |   | | | |___ ___) || |   |  __/ ___ \ ___) |___) | |___| |_| |
 (_)     | |   |_| |_____|____/ |_|   |_| /_/   \_\____/|____/|_____|____/ 
        /_/                                                                

realizar compra de un album que no existe
----------------------------------------------------------------------------
]]></system-err>
</testsuite>
